# Logfile created on Fri Oct 16 20:24:18 -0300 2009REQUESTING PAGE: GET /admins/sign_in with {} and HTTP headers {}


Processing SessionsController#new (for 127.0.0.1 at 2009-10-17 16:53:49) [GET]
Rendering sessions/new
Completed in 48ms (View: 27, DB: 0) | 200 OK [http://www.example.com/admins/sign_in]
REQUESTING PAGE: GET /admins/sign_in with {} and HTTP headers {}


Processing SessionsController#new (for 127.0.0.1 at 2009-10-17 16:55:17) [GET]
Rendering sessions/new
Completed in 18ms (View: 11, DB: 0) | 200 OK [http://www.example.com/admins/sign_in]
REQUESTING PAGE: GET /admins/sign_in with {} and HTTP headers {}


Processing SessionsController#new (for 127.0.0.1 at 2009-10-18 23:07:04) [GET]
Rendering sessions/new
Completed in 81ms (View: 35, DB: 0) | 200 OK [http://www.example.com/admins/sign_in]
REQUESTING PAGE: GET /admins/sign_in with {} and HTTP headers {}


Processing SessionsController#new (for 127.0.0.1 at 2009-10-18 23:18:11) [GET]
Rendering sessions/new
Completed in 58ms (View: 11, DB: 0) | 200 OK [http://www.example.com/admins/sign_in]
REQUESTING PAGE: GET /admins/sign_in with {} and HTTP headers {}


Processing SessionsController#new (for 127.0.0.1 at 2009-10-18 23:18:41) [GET]
Rendering sessions/new
Completed in 16ms (View: 10, DB: 0) | 200 OK [http://www.example.com/admins/sign_in]
REQUESTING PAGE: GET /admins/sign_in with {} and HTTP headers {}


Processing SessionsController#new (for 127.0.0.1 at 2009-10-18 23:19:16) [GET]
Rendering sessions/new
Completed in 16ms (View: 10, DB: 0) | 200 OK [http://www.example.com/admins/sign_in]
REQUESTING PAGE: GET /admins/sign_in with {} and HTTP headers {}


Processing SessionsController#new (for 127.0.0.1 at 2009-10-18 23:19:31) [GET]
Rendering sessions/new
Completed in 16ms (View: 9, DB: 0) | 200 OK [http://www.example.com/admins/sign_in]
REQUESTING PAGE: POST /admins/sign_in with {"commit"=>"Entrar", "admin"=>{"password"=>"adminadmin", "email"=>"admin@email.com"}} and HTTP headers {"HTTP_REFERER"=>"/admins/sign_in"}


Processing SessionsController#create (for 127.0.0.1 at 2009-10-18 23:19:32) [POST]
  Parameters: {"commit"=>"Entrar", "admin"=>{"password"=>"adminadmin", "email"=>"admin@email.com"}}
  [4;36;1mAdmin Load (0.3ms)[0m   [0;1mSELECT * FROM "admins" WHERE ("admins"."email" = 'admin@email.com') LIMIT 1[0m
Rendering sessions/new
Completed in 59ms (View: 2, DB: 0) | 200 OK [http://www.example.com/admins/sign_in]
REQUESTING PAGE: GET /admins/sign_in with {} and HTTP headers {}


Processing SessionsController#new (for 127.0.0.1 at 2009-10-18 23:19:52) [GET]
Rendering sessions/new
Completed in 20ms (View: 10, DB: 0) | 200 OK [http://www.example.com/admins/sign_in]
REQUESTING PAGE: GET /admins/sign_in with {} and HTTP headers {}


Processing SessionsController#new (for 127.0.0.1 at 2009-10-18 23:27:03) [GET]
Rendering sessions/new
Completed in 16ms (View: 10, DB: 0) | 200 OK [http://www.example.com/admins/sign_in]
REQUESTING PAGE: GET /admins/sign_in with {} and HTTP headers {}


Processing SessionsController#new (for 127.0.0.1 at 2009-10-18 23:28:33) [GET]
Rendering sessions/new
Completed in 17ms (View: 10, DB: 0) | 200 OK [http://www.example.com/admins/sign_in]
REQUESTING PAGE: POST /admins/sign_in with {"commit"=>"Entrar", "admin"=>{"password"=>"adminadmin", "email"=>"admin@email.com"}} and HTTP headers {"HTTP_REFERER"=>"/admins/sign_in"}


Processing SessionsController#create (for 127.0.0.1 at 2009-10-18 23:28:33) [POST]
  Parameters: {"commit"=>"Entrar", "admin"=>{"password"=>"adminadmin", "email"=>"admin@email.com"}}
  [4;36;1mAdmin Load (0.3ms)[0m   [0;1mSELECT * FROM "admins" WHERE ("admins"."email" = 'admin@email.com') LIMIT 1[0m
Rendering sessions/new
Completed in 42ms (View: 2, DB: 0) | 200 OK [http://www.example.com/admins/sign_in]
REQUESTING PAGE: GET /admins/sign_in with {} and HTTP headers {}


Processing SessionsController#new (for 127.0.0.1 at 2009-10-18 23:31:13) [GET]
Rendering sessions/new
Completed in 16ms (View: 10, DB: 0) | 200 OK [http://www.example.com/admins/sign_in]
REQUESTING PAGE: POST /admins/sign_in with {"commit"=>"Entrar", "admin"=>{"password"=>"adminadmin", "email"=>"admin@email.com"}} and HTTP headers {"HTTP_REFERER"=>"/admins/sign_in"}


Processing SessionsController#create (for 127.0.0.1 at 2009-10-18 23:31:13) [POST]
  Parameters: {"commit"=>"Entrar", "admin"=>{"password"=>"adminadmin", "email"=>"admin@email.com"}}
  [4;36;1mAdmin Load (0.3ms)[0m   [0;1mSELECT * FROM "admins" WHERE ("admins"."email" = 'admin@email.com') LIMIT 1[0m
Rendering sessions/new
Completed in 23ms (View: 2, DB: 0) | 200 OK [http://www.example.com/admins/sign_in]
REQUESTING PAGE: GET /admins/sign_in with {} and HTTP headers {}


Processing SessionsController#new (for 127.0.0.1 at 2009-10-18 23:32:44) [GET]
Rendering sessions/new
Completed in 16ms (View: 10, DB: 0) | 200 OK [http://www.example.com/admins/sign_in]
REQUESTING PAGE: POST /admins/sign_in with {"commit"=>"Entrar", "admin"=>{"password"=>"adminadmin", "email"=>"admin@email.com"}} and HTTP headers {"HTTP_REFERER"=>"/admins/sign_in"}


Processing SessionsController#create (for 127.0.0.1 at 2009-10-18 23:32:44) [POST]
  Parameters: {"commit"=>"Entrar", "admin"=>{"password"=>"adminadmin", "email"=>"admin@email.com"}}
  [4;36;1mAdmin Load (0.2ms)[0m   [0;1mSELECT * FROM "admins" WHERE ("admins"."email" = 'admin@email.com') LIMIT 1[0m
Rendering sessions/new
Completed in 11ms (View: 2, DB: 0) | 200 OK [http://www.example.com/admins/sign_in]
  [4;35;1mSQL (0.3ms)[0m   [0m SELECT name
 FROM sqlite_master
 WHERE type = 'table' AND NOT name = 'sqlite_sequence'
[0m
  [4;36;1mSQL (0.1ms)[0m   [0;1m SELECT name
 FROM sqlite_master
 WHERE type = 'table' AND NOT name = 'sqlite_sequence'
[0m
  [4;35;1mSQL (0.1ms)[0m   [0m SELECT name
 FROM sqlite_master
 WHERE type = 'table' AND NOT name = 'sqlite_sequence'
[0m
  [4;36;1mSQL (0.2ms)[0m   [0;1m SELECT name
 FROM sqlite_master
 WHERE type = 'table' AND NOT name = 'sqlite_sequence'
[0m
  [4;35;1mSQL (0.1ms)[0m   [0m SELECT name
 FROM sqlite_master
 WHERE type = 'table' AND NOT name = 'sqlite_sequence'
[0m
  [4;36;1mSQL (0.2ms)[0m   [0;1m SELECT name
 FROM sqlite_master
 WHERE type = 'table' AND NOT name = 'sqlite_sequence'
[0m
  [4;35;1mSQL (0.1ms)[0m   [0m SELECT name
 FROM sqlite_master
 WHERE type = 'table' AND NOT name = 'sqlite_sequence'
[0m
  [4;36;1mSQL (0.1ms)[0m   [0;1m SELECT name
 FROM sqlite_master
 WHERE type = 'table' AND NOT name = 'sqlite_sequence'
[0m
  [4;35;1mSQL (0.2ms)[0m   [0m SELECT name
 FROM sqlite_master
 WHERE type = 'table' AND NOT name = 'sqlite_sequence'
[0m
  [4;36;1mSQL (0.2ms)[0m   [0;1m SELECT name
 FROM sqlite_master
 WHERE type = 'table' AND NOT name = 'sqlite_sequence'
[0m
  [4;35;1mSQL (0.1ms)[0m   [0m SELECT name
 FROM sqlite_master
 WHERE type = 'table' AND NOT name = 'sqlite_sequence'
[0m
  [4;36;1mSQL (0.1ms)[0m   [0;1m SELECT name
 FROM sqlite_master
 WHERE type = 'table' AND NOT name = 'sqlite_sequence'
[0m
  [4;35;1mSQL (0.2ms)[0m   [0m SELECT name
 FROM sqlite_master
 WHERE type = 'table' AND NOT name = 'sqlite_sequence'
[0m
  [4;36;1mSQL (0.2ms)[0m   [0;1m SELECT name
 FROM sqlite_master
 WHERE type = 'table' AND NOT name = 'sqlite_sequence'
[0m
  [4;35;1mSQL (0.2ms)[0m   [0m SELECT name
 FROM sqlite_master
 WHERE type = 'table' AND NOT name = 'sqlite_sequence'
[0m
  [4;36;1mSQL (0.1ms)[0m   [0;1m SELECT name
 FROM sqlite_master
 WHERE type = 'table' AND NOT name = 'sqlite_sequence'
[0m
  [4;35;1mSQL (0.2ms)[0m   [0m SELECT name
 FROM sqlite_master
 WHERE type = 'table' AND NOT name = 'sqlite_sequence'
[0m
  [4;36;1mSQL (1.1ms)[0m   [0;1m SELECT name
 FROM sqlite_master
 WHERE type = 'table' AND NOT name = 'sqlite_sequence'
[0m
  [4;35;1mSQL (0.3ms)[0m   [0m SELECT name
 FROM sqlite_master
 WHERE type = 'table' AND NOT name = 'sqlite_sequence'
[0m
  [4;36;1mSQL (0.3ms)[0m   [0;1m SELECT name
 FROM sqlite_master
 WHERE type = 'table' AND NOT name = 'sqlite_sequence'
[0m
  [4;35;1mSQL (0.3ms)[0m   [0m SELECT name
 FROM sqlite_master
 WHERE type = 'table' AND NOT name = 'sqlite_sequence'
[0m
  [4;36;1mSQL (0.1ms)[0m   [0;1m SELECT name
 FROM sqlite_master
 WHERE type = 'table' AND NOT name = 'sqlite_sequence'
[0m
  [4;35;1mSQL (0.3ms)[0m   [0m SELECT name
 FROM sqlite_master
 WHERE type = 'table' AND NOT name = 'sqlite_sequence'
[0m
  [4;36;1mSQL (0.1ms)[0m   [0;1m SELECT name
 FROM sqlite_master
 WHERE type = 'table' AND NOT name = 'sqlite_sequence'
[0m
  [4;35;1mSQL (0.2ms)[0m   [0m SELECT name
 FROM sqlite_master
 WHERE type = 'table' AND NOT name = 'sqlite_sequence'
[0m
  [4;36;1mSQL (0.3ms)[0m   [0;1m SELECT name
 FROM sqlite_master
 WHERE type = 'table' AND NOT name = 'sqlite_sequence'
[0m
  [4;35;1mSQL (0.1ms)[0m   [0m SELECT name
 FROM sqlite_master
 WHERE type = 'table' AND NOT name = 'sqlite_sequence'
[0m
  [4;36;1mSQL (0.2ms)[0m   [0;1m SELECT name
 FROM sqlite_master
 WHERE type = 'table' AND NOT name = 'sqlite_sequence'
[0m
  [4;35;1mSQL (0.2ms)[0m   [0m SELECT name
 FROM sqlite_master
 WHERE type = 'table' AND NOT name = 'sqlite_sequence'
[0m
  [4;36;1mSQL (0.1ms)[0m   [0;1m SELECT name
 FROM sqlite_master
 WHERE type = 'table' AND NOT name = 'sqlite_sequence'
[0m
  [4;35;1mSQL (0.2ms)[0m   [0m SELECT name
 FROM sqlite_master
 WHERE type = 'table' AND NOT name = 'sqlite_sequence'
[0m
  [4;36;1mSQL (0.2ms)[0m   [0;1m SELECT name
 FROM sqlite_master
 WHERE type = 'table' AND NOT name = 'sqlite_sequence'
[0m
  [4;35;1mSQL (0.2ms)[0m   [0m SELECT name
 FROM sqlite_master
 WHERE type = 'table' AND NOT name = 'sqlite_sequence'
[0m
  [4;36;1mSQL (0.2ms)[0m   [0;1m SELECT name
 FROM sqlite_master
 WHERE type = 'table' AND NOT name = 'sqlite_sequence'
[0m
  [4;35;1mSQL (0.1ms)[0m   [0m SELECT name
 FROM sqlite_master
 WHERE type = 'table' AND NOT name = 'sqlite_sequence'
[0m
  [4;36;1mSQL (0.1ms)[0m   [0;1m SELECT name
 FROM sqlite_master
 WHERE type = 'table' AND NOT name = 'sqlite_sequence'
[0m
  [4;35;1mSQL (0.2ms)[0m   [0m SELECT name
 FROM sqlite_master
 WHERE type = 'table' AND NOT name = 'sqlite_sequence'
[0m
  [4;36;1mSQL (0.1ms)[0m   [0;1m SELECT name
 FROM sqlite_master
 WHERE type = 'table' AND NOT name = 'sqlite_sequence'
[0m
  [4;35;1mSQL (0.1ms)[0m   [0m SELECT name
 FROM sqlite_master
 WHERE type = 'table' AND NOT name = 'sqlite_sequence'
[0m
REQUESTING PAGE: GET /admins/sign_in with {} and HTTP headers {}


Processing SessionsController#new (for 127.0.0.1 at 2009-10-19 00:22:08) [GET]
Rendering sessions/new
Completed in 121ms (View: 114, DB: 0) | 200 OK [http://www.example.com/admins/sign_in]
REQUESTING PAGE: POST /admins/sign_in with {"commit"=>"Entrar", "admin"=>{"password"=>"adminadmin", "email"=>"admin@email.com"}} and HTTP headers {"HTTP_REFERER"=>"/admins/sign_in"}


Processing SessionsController#create (for 127.0.0.1 at 2009-10-19 00:22:09) [POST]
  Parameters: {"commit"=>"Entrar", "admin"=>{"password"=>"adminadmin", "email"=>"admin@email.com"}}
  [4;36;1mAdmin Load (0.2ms)[0m   [0;1mSELECT * FROM "admins" WHERE ("admins"."email" = 'admin@email.com') LIMIT 1[0m
Rendering sessions/new
Completed in 28ms (View: 2, DB: 0) | 200 OK [http://www.example.com/admins/sign_in]
  [4;35;1mSQL (0.3ms)[0m   [0m SELECT name
 FROM sqlite_master
 WHERE type = 'table' AND NOT name = 'sqlite_sequence'
[0m
  [4;36;1mSQL (0.2ms)[0m   [0;1m SELECT name
 FROM sqlite_master
 WHERE type = 'table' AND NOT name = 'sqlite_sequence'
[0m
  [4;35;1mSQL (0.2ms)[0m   [0m SELECT name
 FROM sqlite_master
 WHERE type = 'table' AND NOT name = 'sqlite_sequence'
[0m
  [4;36;1mSQL (0.2ms)[0m   [0;1m SELECT name
 FROM sqlite_master
 WHERE type = 'table' AND NOT name = 'sqlite_sequence'
[0m
  [4;35;1mSQL (0.2ms)[0m   [0m SELECT name
 FROM sqlite_master
 WHERE type = 'table' AND NOT name = 'sqlite_sequence'
[0m
  [4;36;1mSQL (0.3ms)[0m   [0;1m SELECT name
 FROM sqlite_master
 WHERE type = 'table' AND NOT name = 'sqlite_sequence'
[0m
  [4;35;1mSQL (0.2ms)[0m   [0m SELECT name
 FROM sqlite_master
 WHERE type = 'table' AND NOT name = 'sqlite_sequence'
[0m
  [4;36;1mSQL (0.3ms)[0m   [0;1m SELECT name
 FROM sqlite_master
 WHERE type = 'table' AND NOT name = 'sqlite_sequence'
[0m
  [4;35;1mSQL (0.3ms)[0m   [0m SELECT name
 FROM sqlite_master
 WHERE type = 'table' AND NOT name = 'sqlite_sequence'
[0m
  [4;36;1mSQL (0.2ms)[0m   [0;1m SELECT name
 FROM sqlite_master
 WHERE type = 'table' AND NOT name = 'sqlite_sequence'
[0m
  [4;35;1mSQL (0.2ms)[0m   [0m SELECT name
 FROM sqlite_master
 WHERE type = 'table' AND NOT name = 'sqlite_sequence'
[0m
  [4;36;1mSQL (0.2ms)[0m   [0;1m SELECT name
 FROM sqlite_master
 WHERE type = 'table' AND NOT name = 'sqlite_sequence'
[0m
  [4;35;1mSQL (0.2ms)[0m   [0m SELECT name
 FROM sqlite_master
 WHERE type = 'table' AND NOT name = 'sqlite_sequence'
[0m
  [4;36;1mSQL (0.2ms)[0m   [0;1m SELECT name
 FROM sqlite_master
 WHERE type = 'table' AND NOT name = 'sqlite_sequence'
[0m
  [4;35;1mSQL (0.2ms)[0m   [0m SELECT name
 FROM sqlite_master
 WHERE type = 'table' AND NOT name = 'sqlite_sequence'
[0m
  [4;36;1mSQL (0.2ms)[0m   [0;1m SELECT name
 FROM sqlite_master
 WHERE type = 'table' AND NOT name = 'sqlite_sequence'
[0m
  [4;35;1mSQL (0.3ms)[0m   [0m SELECT name
 FROM sqlite_master
 WHERE type = 'table' AND NOT name = 'sqlite_sequence'
[0m
  [4;36;1mSQL (0.3ms)[0m   [0;1m SELECT name
 FROM sqlite_master
 WHERE type = 'table' AND NOT name = 'sqlite_sequence'
[0m
  [4;35;1mSQL (0.2ms)[0m   [0m SELECT name
 FROM sqlite_master
 WHERE type = 'table' AND NOT name = 'sqlite_sequence'
[0m
  [4;36;1mSQL (0.2ms)[0m   [0;1m SELECT name
 FROM sqlite_master
 WHERE type = 'table' AND NOT name = 'sqlite_sequence'
[0m
  [4;35;1mSQL (0.2ms)[0m   [0m SELECT name
 FROM sqlite_master
 WHERE type = 'table' AND NOT name = 'sqlite_sequence'
[0m
  [4;36;1mSQL (0.2ms)[0m   [0;1m SELECT name
 FROM sqlite_master
 WHERE type = 'table' AND NOT name = 'sqlite_sequence'
[0m
  [4;35;1mSQL (0.2ms)[0m   [0m SELECT name
 FROM sqlite_master
 WHERE type = 'table' AND NOT name = 'sqlite_sequence'
[0m
  [4;36;1mSQL (0.3ms)[0m   [0;1m SELECT name
 FROM sqlite_master
 WHERE type = 'table' AND NOT name = 'sqlite_sequence'
[0m
  [4;35;1mSQL (0.7ms)[0m   [0m SELECT name
 FROM sqlite_master
 WHERE type = 'table' AND NOT name = 'sqlite_sequence'
[0m
  [4;36;1mSQL (0.3ms)[0m   [0;1m SELECT name
 FROM sqlite_master
 WHERE type = 'table' AND NOT name = 'sqlite_sequence'
[0m
  [4;35;1mSQL (0.4ms)[0m   [0m SELECT name
 FROM sqlite_master
 WHERE type = 'table' AND NOT name = 'sqlite_sequence'
[0m
  [4;36;1mSQL (0.2ms)[0m   [0;1m SELECT name
 FROM sqlite_master
 WHERE type = 'table' AND NOT name = 'sqlite_sequence'
[0m
  [4;35;1mSQL (0.2ms)[0m   [0m SELECT name
 FROM sqlite_master
 WHERE type = 'table' AND NOT name = 'sqlite_sequence'
[0m
  [4;36;1mSQL (0.3ms)[0m   [0;1m SELECT name
 FROM sqlite_master
 WHERE type = 'table' AND NOT name = 'sqlite_sequence'
[0m
  [4;35;1mSQL (0.3ms)[0m   [0m SELECT name
 FROM sqlite_master
 WHERE type = 'table' AND NOT name = 'sqlite_sequence'
[0m
  [4;36;1mSQL (0.2ms)[0m   [0;1m SELECT name
 FROM sqlite_master
 WHERE type = 'table' AND NOT name = 'sqlite_sequence'
[0m
  [4;35;1mSQL (0.3ms)[0m   [0m SELECT name
 FROM sqlite_master
 WHERE type = 'table' AND NOT name = 'sqlite_sequence'
[0m
  [4;36;1mSQL (0.2ms)[0m   [0;1m SELECT name
 FROM sqlite_master
 WHERE type = 'table' AND NOT name = 'sqlite_sequence'
[0m
  [4;35;1mSQL (0.3ms)[0m   [0m SELECT name
 FROM sqlite_master
 WHERE type = 'table' AND NOT name = 'sqlite_sequence'
[0m
  [4;36;1mSQL (0.3ms)[0m   [0;1m SELECT name
 FROM sqlite_master
 WHERE type = 'table' AND NOT name = 'sqlite_sequence'
[0m
  [4;35;1mSQL (0.2ms)[0m   [0m SELECT name
 FROM sqlite_master
 WHERE type = 'table' AND NOT name = 'sqlite_sequence'
[0m
  [4;36;1mSQL (0.3ms)[0m   [0;1m SELECT name
 FROM sqlite_master
 WHERE type = 'table' AND NOT name = 'sqlite_sequence'
[0m
  [4;35;1mSQL (0.2ms)[0m   [0m SELECT name
 FROM sqlite_master
 WHERE type = 'table' AND NOT name = 'sqlite_sequence'
[0m
REQUESTING PAGE: GET /admins/sign_in with {} and HTTP headers {}


Processing SessionsController#new (for 127.0.0.1 at 2009-10-19 00:22:43) [GET]
Rendering sessions/new
Completed in 94ms (View: 87, DB: 0) | 200 OK [http://www.example.com/admins/sign_in]
REQUESTING PAGE: POST /admins/sign_in with {"commit"=>"Entrar", "admin"=>{"password"=>"adminadmin", "email"=>"admin@email.com"}} and HTTP headers {"HTTP_REFERER"=>"/admins/sign_in"}


Processing SessionsController#create (for 127.0.0.1 at 2009-10-19 00:22:43) [POST]
  Parameters: {"commit"=>"Entrar", "admin"=>{"password"=>"adminadmin", "email"=>"admin@email.com"}}
  [4;36;1mAdmin Load (0.2ms)[0m   [0;1mSELECT * FROM "admins" WHERE ("admins"."email" = 'admin@email.com') LIMIT 1[0m
Rendering sessions/new
Completed in 27ms (View: 3, DB: 0) | 200 OK [http://www.example.com/admins/sign_in]
REQUESTING PAGE: GET /invitations/new with {} and HTTP headers {"HTTP_REFERER"=>"/admins/sign_in"}


Processing InvitationsController#new (for 127.0.0.1 at 2009-10-19 00:22:43) [GET]
REQUESTING PAGE: GET /admins/sign_in with {} and HTTP headers {}


Processing SessionsController#new (for 127.0.0.1 at 2009-10-19 00:27:17) [GET]
Rendering sessions/new
Completed in 92ms (View: 85, DB: 0) | 200 OK [http://www.example.com/admins/sign_in]
REQUESTING PAGE: POST /admins/sign_in with {"commit"=>"Entrar", "admin"=>{"password"=>"adminadmin", "email"=>"admin@email.com"}} and HTTP headers {"HTTP_REFERER"=>"/admins/sign_in"}


Processing SessionsController#create (for 127.0.0.1 at 2009-10-19 00:27:17) [POST]
  Parameters: {"commit"=>"Entrar", "admin"=>{"password"=>"adminadmin", "email"=>"admin@email.com"}}
  [4;36;1mAdmin Load (0.2ms)[0m   [0;1mSELECT * FROM "admins" WHERE ("admins"."email" = 'admin@email.com') LIMIT 1[0m
Rendering sessions/new
Completed in 9ms (View: 2, DB: 0) | 200 OK [http://www.example.com/admins/sign_in]
REQUESTING PAGE: GET /invitations/new with {} and HTTP headers {"HTTP_REFERER"=>"/admins/sign_in"}


Processing InvitationsController#new (for 127.0.0.1 at 2009-10-19 00:27:17) [GET]
REQUESTING PAGE: GET /admins/sign_in with {} and HTTP headers {}


Processing SessionsController#new (for 127.0.0.1 at 2009-10-19 00:30:14) [GET]
Rendering sessions/new
Completed in 91ms (View: 85, DB: 0) | 200 OK [http://www.example.com/admins/sign_in]
REQUESTING PAGE: POST /admins/sign_in with {"commit"=>"Entrar", "admin"=>{"password"=>"adminadmin", "email"=>"admin@email.com"}} and HTTP headers {"HTTP_REFERER"=>"/admins/sign_in"}


Processing SessionsController#create (for 127.0.0.1 at 2009-10-19 00:30:14) [POST]
  Parameters: {"commit"=>"Entrar", "admin"=>{"password"=>"adminadmin", "email"=>"admin@email.com"}}
  [4;36;1mAdmin Load (0.2ms)[0m   [0;1mSELECT * FROM "admins" WHERE ("admins"."email" = 'admin@email.com') LIMIT 1[0m
Rendering sessions/new
Completed in 9ms (View: 2, DB: 0) | 200 OK [http://www.example.com/admins/sign_in]
REQUESTING PAGE: GET /invitations/new with {} and HTTP headers {"HTTP_REFERER"=>"/admins/sign_in"}


Processing InvitationsController#new (for 127.0.0.1 at 2009-10-19 00:30:14) [GET]
REQUESTING PAGE: GET /admins/sign_in with {} and HTTP headers {}


Processing SessionsController#new (for 127.0.0.1 at 2009-10-19 00:30:51) [GET]
Rendering sessions/new
Completed in 92ms (View: 86, DB: 0) | 200 OK [http://www.example.com/admins/sign_in]
REQUESTING PAGE: POST /admins/sign_in with {"commit"=>"Entrar", "admin"=>{"password"=>"adminadmin", "email"=>"admin@email.com"}} and HTTP headers {"HTTP_REFERER"=>"/admins/sign_in"}


Processing SessionsController#create (for 127.0.0.1 at 2009-10-19 00:30:51) [POST]
  Parameters: {"commit"=>"Entrar", "admin"=>{"password"=>"adminadmin", "email"=>"admin@email.com"}}
  [4;36;1mAdmin Load (0.2ms)[0m   [0;1mSELECT * FROM "admins" WHERE ("admins"."email" = 'admin@email.com') LIMIT 1[0m
Rendering sessions/new
Completed in 9ms (View: 2, DB: 0) | 200 OK [http://www.example.com/admins/sign_in]
REQUESTING PAGE: GET /invitations/new with {} and HTTP headers {"HTTP_REFERER"=>"/admins/sign_in"}


Processing InvitationsController#new (for 127.0.0.1 at 2009-10-19 00:30:51) [GET]
REQUESTING PAGE: GET /admins/sign_in with {} and HTTP headers {}


Processing SessionsController#new (for 127.0.0.1 at 2009-10-19 00:31:58) [GET]
Rendering sessions/new
Completed in 91ms (View: 84, DB: 0) | 200 OK [http://www.example.com/admins/sign_in]
REQUESTING PAGE: POST /admins/sign_in with {"commit"=>"Entrar", "admin"=>{"password"=>"adminadmin", "email"=>"admin@email.com"}} and HTTP headers {"HTTP_REFERER"=>"/admins/sign_in"}


Processing SessionsController#create (for 127.0.0.1 at 2009-10-19 00:31:58) [POST]
  Parameters: {"commit"=>"Entrar", "admin"=>{"password"=>"adminadmin", "email"=>"admin@email.com"}}
  [4;36;1mAdmin Load (0.2ms)[0m   [0;1mSELECT * FROM "admins" WHERE ("admins"."email" = 'admin@email.com') LIMIT 1[0m
Rendering sessions/new
Completed in 9ms (View: 2, DB: 0) | 200 OK [http://www.example.com/admins/sign_in]
REQUESTING PAGE: GET /invitations/new with {} and HTTP headers {"HTTP_REFERER"=>"/admins/sign_in"}


Processing InvitationsController#new (for 127.0.0.1 at 2009-10-19 00:31:58) [GET]
  [4;36;1mSQL (0.3ms)[0m   [0;1m SELECT name
 FROM sqlite_master
 WHERE type = 'table' AND NOT name = 'sqlite_sequence'
[0m
  [4;36;1mSQL (0.3ms)[0m   [0;1m SELECT name
 FROM sqlite_master
 WHERE type = 'table' AND NOT name = 'sqlite_sequence'
[0m
  [4;36;1mAdmin Load (0.2ms)[0m   [0;1mSELECT * FROM "admins" WHERE ("admins"."email" = 'admin@email.com') LIMIT 1[0m
  [4;35;1mAdmin Create (0.5ms)[0m   [0mINSERT INTO "admins" ("encrypted_password", "created_at", "updated_at", "password_salt", "email") VALUES(NULL, '2009-10-19 02:36:53', '2009-10-19 02:36:53', NULL, 'admin@email.com')[0m
  [4;36;1mAdmin Update (0.2ms)[0m   [0;1mUPDATE "admins" SET "updated_at" = '2009-10-19 02:36:53', "encrypted_password" = 'f8dba64238143a464b95a7772e201f4af0aeee0b', "password_salt" = '1kVrAdz_6v52OsU-pe8O' WHERE "id" = 1[0m
REQUESTING PAGE: GET /admins/sign_in with {} and HTTP headers {}


Processing SessionsController#new (for 127.0.0.1 at 2009-10-19 00:36:53) [GET]
Rendering sessions/new
Completed in 81ms (View: 79, DB: 1) | 200 OK [http://www.example.com/admins/sign_in]
REQUESTING PAGE: POST /admins/sign_in with {"commit"=>"Entrar", "admin"=>{"password"=>"adminadmin", "email"=>"admin@email.com"}} and HTTP headers {"HTTP_REFERER"=>"/admins/sign_in"}


Processing SessionsController#create (for 127.0.0.1 at 2009-10-19 00:36:53) [POST]
  Parameters: {"commit"=>"Entrar", "admin"=>{"password"=>"adminadmin", "email"=>"admin@email.com"}}
  [4;35;1mAdmin Load (0.3ms)[0m   [0mSELECT * FROM "admins" WHERE ("admins"."email" = 'admin@email.com') LIMIT 1[0m
Redirected to http://www.example.com/
Completed in 2ms (DB: 0) | 302 Found [http://www.example.com/admins/sign_in]
REQUESTING PAGE: GET http://www.example.com/ with {} and HTTP headers {"HTTP_REFERER"=>"/admins/sign_in"}


Processing HomeController#index (for 127.0.0.1 at 2009-10-19 00:36:53) [GET]
Redirected to http://www.example.com/invitations/new
Completed in 2ms (DB: 0) | 302 Found [http://www.example.com/]
REQUESTING PAGE: GET http://www.example.com/invitations/new with {} and HTTP headers {"HTTP_REFERER"=>"http://www.example.com/"}


Processing InvitationsController#new (for 127.0.0.1 at 2009-10-19 00:36:53) [GET]
  [4;36;1mAdmin Load (0.3ms)[0m   [0;1mSELECT * FROM "admins" WHERE ("admins"."id" = 1) [0m


Processing ApplicationController#new (for 127.0.0.1 at 2009-10-19 00:36:53) [GET]
  [4;36;1mAdmin Load (0.2ms)[0m   [0;1mSELECT * FROM "admins" WHERE ("admins"."email" = 'admin@email.com') LIMIT 1[0m
  [4;35;1mAdmin Create (0.4ms)[0m   [0mINSERT INTO "admins" ("encrypted_password", "created_at", "updated_at", "password_salt", "email") VALUES(NULL, '2009-10-19 02:39:23', '2009-10-19 02:39:23', NULL, 'admin@email.com')[0m
  [4;36;1mAdmin Update (0.2ms)[0m   [0;1mUPDATE "admins" SET "updated_at" = '2009-10-19 02:39:23', "encrypted_password" = '545379a29eb31e304176feb304b78d2be155b6de', "password_salt" = 'kdFtXN-kdFuDb6YaX0uT' WHERE "id" = 1[0m
REQUESTING PAGE: GET /admins/sign_in with {} and HTTP headers {}


Processing SessionsController#new (for 127.0.0.1 at 2009-10-19 00:39:23) [GET]
Rendering sessions/new
Completed in 82ms (View: 80, DB: 1) | 200 OK [http://www.example.com/admins/sign_in]
REQUESTING PAGE: POST /admins/sign_in with {"commit"=>"Entrar", "admin"=>{"password"=>"adminadmin", "email"=>"admin@email.com"}} and HTTP headers {"HTTP_REFERER"=>"/admins/sign_in"}


Processing SessionsController#create (for 127.0.0.1 at 2009-10-19 00:39:23) [POST]
  Parameters: {"commit"=>"Entrar", "admin"=>{"password"=>"adminadmin", "email"=>"admin@email.com"}}
  [4;35;1mAdmin Load (0.3ms)[0m   [0mSELECT * FROM "admins" WHERE ("admins"."email" = 'admin@email.com') LIMIT 1[0m
Redirected to http://www.example.com/
Completed in 2ms (DB: 0) | 302 Found [http://www.example.com/admins/sign_in]
REQUESTING PAGE: GET http://www.example.com/ with {} and HTTP headers {"HTTP_REFERER"=>"/admins/sign_in"}


Processing HomeController#index (for 127.0.0.1 at 2009-10-19 00:39:23) [GET]


Processing ApplicationController#index (for 127.0.0.1 at 2009-10-19 00:39:23) [GET]
  [4;36;1mAdmin Load (0.2ms)[0m   [0;1mSELECT * FROM "admins" WHERE ("admins"."email" = 'admin@email.com') LIMIT 1[0m
  [4;35;1mAdmin Create (0.5ms)[0m   [0mINSERT INTO "admins" ("encrypted_password", "created_at", "updated_at", "password_salt", "email") VALUES(NULL, '2009-10-19 02:40:59', '2009-10-19 02:40:59', NULL, 'admin@email.com')[0m
  [4;36;1mAdmin Update (0.2ms)[0m   [0;1mUPDATE "admins" SET "updated_at" = '2009-10-19 02:40:59', "encrypted_password" = 'acb1c3aa0cff3b5b52690da5faa3b1ca6c9f4b1c', "password_salt" = 'wnEBJCZr0dK3FNWcNNPx' WHERE "id" = 1[0m
REQUESTING PAGE: GET /admins/sign_in with {} and HTTP headers {}


Processing SessionsController#new (for 127.0.0.1 at 2009-10-19 00:40:59) [GET]
Rendering template within layouts/application
Rendering sessions/new
Completed in 9ms (View: 6, DB: 1) | 200 OK [http://www.example.com/admins/sign_in]
REQUESTING PAGE: POST /admins/sign_in with {"commit"=>"Entrar", "admin"=>{"password"=>"adminadmin", "email"=>"admin@email.com"}} and HTTP headers {"HTTP_REFERER"=>"/admins/sign_in"}


Processing SessionsController#create (for 127.0.0.1 at 2009-10-19 00:40:59) [POST]
  Parameters: {"commit"=>"Entrar", "admin"=>{"password"=>"adminadmin", "email"=>"admin@email.com"}}
  [4;35;1mAdmin Load (0.3ms)[0m   [0mSELECT * FROM "admins" WHERE ("admins"."email" = 'admin@email.com') LIMIT 1[0m
Redirected to http://www.example.com/
Completed in 2ms (DB: 0) | 302 Found [http://www.example.com/admins/sign_in]
REQUESTING PAGE: GET http://www.example.com/ with {} and HTTP headers {"HTTP_REFERER"=>"/admins/sign_in"}


Processing HomeController#index (for 127.0.0.1 at 2009-10-19 00:40:59) [GET]
Rendering /invitations/new


Processing ApplicationController#index (for 127.0.0.1 at 2009-10-19 00:40:59) [GET]
  [4;36;1mAdmin Load (0.2ms)[0m   [0;1mSELECT * FROM "admins" WHERE ("admins"."email" = 'admin@email.com') LIMIT 1[0m
  [4;35;1mAdmin Create (0.5ms)[0m   [0mINSERT INTO "admins" ("encrypted_password", "created_at", "updated_at", "password_salt", "email") VALUES(NULL, '2009-10-19 02:47:29', '2009-10-19 02:47:29', NULL, 'admin@email.com')[0m
  [4;36;1mAdmin Update (0.2ms)[0m   [0;1mUPDATE "admins" SET "updated_at" = '2009-10-19 02:47:29', "encrypted_password" = 'bd41d9316d765d3329dbdb9ef9982189872f3a6e', "password_salt" = 'oAtItxVuKGB_yRqMMvQT' WHERE "id" = 1[0m
REQUESTING PAGE: GET /admins/sign_in with {} and HTTP headers {}


Processing SessionsController#new (for 127.0.0.1 at 2009-10-19 00:47:29) [GET]
Rendering template within layouts/application
Rendering sessions/new
Completed in 9ms (View: 7, DB: 1) | 200 OK [http://www.example.com/admins/sign_in]
REQUESTING PAGE: POST /admins/sign_in with {"commit"=>"Entrar", "admin"=>{"password"=>"adminadmin", "email"=>"admin@email.com"}} and HTTP headers {"HTTP_REFERER"=>"/admins/sign_in"}


Processing SessionsController#create (for 127.0.0.1 at 2009-10-19 00:47:29) [POST]
  Parameters: {"commit"=>"Entrar", "admin"=>{"password"=>"adminadmin", "email"=>"admin@email.com"}}
  [4;35;1mAdmin Load (0.3ms)[0m   [0mSELECT * FROM "admins" WHERE ("admins"."email" = 'admin@email.com') LIMIT 1[0m
Redirected to http://www.example.com/
Completed in 2ms (DB: 0) | 302 Found [http://www.example.com/admins/sign_in]
REQUESTING PAGE: GET http://www.example.com/ with {} and HTTP headers {"HTTP_REFERER"=>"/admins/sign_in"}


Processing HomeController#index (for 127.0.0.1 at 2009-10-19 00:47:29) [GET]
Redirected to http://www.example.com/invitations/new
Completed in 2ms (DB: 0) | 302 Found [http://www.example.com/]
REQUESTING PAGE: GET http://www.example.com/invitations/new with {} and HTTP headers {"HTTP_REFERER"=>"http://www.example.com/"}


Processing InvitationsController#new (for 127.0.0.1 at 2009-10-19 00:47:29) [GET]
  [4;36;1mAdmin Load (0.3ms)[0m   [0;1mSELECT * FROM "admins" WHERE ("admins"."id" = 1) [0m
Rendering template within layouts/application
Rendering invitations/new
Completed in 9ms (View: 5, DB: 0) | 200 OK [http://www.example.com/invitations/new]
REQUESTING PAGE: GET /invitations/new with {} and HTTP headers {"HTTP_REFERER"=>"http://www.example.com/invitations/new"}


Processing InvitationsController#new (for 127.0.0.1 at 2009-10-19 00:47:29) [GET]
  [4;35;1mAdmin Load (1.2ms)[0m   [0mSELECT * FROM "admins" WHERE ("admins"."id" = 1) [0m
Rendering template within layouts/application
Rendering invitations/new
Completed in 6ms (View: 3, DB: 1) | 200 OK [http://www.example.com/invitations/new]
REQUESTING PAGE: POST /invitations with {"commit"=>"Enviar convite", "invitation"=>{"recipient_email"=>"convidado@email.com"}} and HTTP headers {"HTTP_REFERER"=>"/invitations/new"}


Processing InvitationsController#create (for 127.0.0.1 at 2009-10-19 00:47:29) [POST]
  Parameters: {"commit"=>"Enviar convite", "invitation"=>{"recipient_email"=>"convidado@email.com"}}
  [4;36;1mAdmin Load (0.3ms)[0m   [0;1mSELECT * FROM "admins" WHERE ("admins"."id" = 1) [0m
  [4;35;1mUser Load (0.2ms)[0m   [0mSELECT * FROM "users" WHERE ("users"."email" = 'convidado@email.com') LIMIT 1[0m
  [4;36;1mInvitation Create (0.2ms)[0m   [0;1mINSERT INTO "invitations" ("created_at", "recipient_email", "token", "updated_at", "sent_at") VALUES('2009-10-19 02:47:29', 'convidado@email.com', '4fce803df1d4ac288c7a642bdfc6d08e551dbe41', '2009-10-19 02:47:29', NULL)[0m


Processing ApplicationController#create (for 127.0.0.1 at 2009-10-19 00:47:29) [POST]
  Parameters: {"commit"=>"Enviar convite", "invitation"=>{"recipient_email"=>"convidado@email.com"}}
  [4;36;1mAdmin Load (0.2ms)[0m   [0;1mSELECT * FROM "admins" WHERE ("admins"."email" = 'admin@email.com') LIMIT 1[0m
  [4;35;1mAdmin Create (0.5ms)[0m   [0mINSERT INTO "admins" ("encrypted_password", "created_at", "updated_at", "password_salt", "email") VALUES(NULL, '2009-10-19 03:17:20', '2009-10-19 03:17:20', NULL, 'admin@email.com')[0m
  [4;36;1mAdmin Update (0.2ms)[0m   [0;1mUPDATE "admins" SET "updated_at" = '2009-10-19 03:17:20', "encrypted_password" = 'a849a45e68e29129fa32f7636a0f01b575d20697', "password_salt" = '7F-jdUaiUMxmwSAQK6ng' WHERE "id" = 1[0m
REQUESTING PAGE: GET /admins/sign_in with {} and HTTP headers {}


Processing SessionsController#new (for 127.0.0.1 at 2009-10-19 01:17:20) [GET]
Rendering template within layouts/application
Rendering sessions/new
Completed in 9ms (View: 7, DB: 1) | 200 OK [http://www.example.com/admins/sign_in]
REQUESTING PAGE: POST /admins/sign_in with {"commit"=>"Entrar", "admin"=>{"password"=>"adminadmin", "email"=>"admin@email.com"}} and HTTP headers {"HTTP_REFERER"=>"/admins/sign_in"}


Processing SessionsController#create (for 127.0.0.1 at 2009-10-19 01:17:20) [POST]
  Parameters: {"commit"=>"Entrar", "admin"=>{"password"=>"adminadmin", "email"=>"admin@email.com"}}
  [4;35;1mAdmin Load (0.3ms)[0m   [0mSELECT * FROM "admins" WHERE ("admins"."email" = 'admin@email.com') LIMIT 1[0m
Redirected to http://www.example.com/
Completed in 2ms (DB: 0) | 302 Found [http://www.example.com/admins/sign_in]
REQUESTING PAGE: GET http://www.example.com/ with {} and HTTP headers {"HTTP_REFERER"=>"/admins/sign_in"}


Processing HomeController#index (for 127.0.0.1 at 2009-10-19 01:17:20) [GET]
Redirected to http://www.example.com/invitations/new
Completed in 2ms (DB: 0) | 302 Found [http://www.example.com/]
REQUESTING PAGE: GET http://www.example.com/invitations/new with {} and HTTP headers {"HTTP_REFERER"=>"http://www.example.com/"}


Processing InvitationsController#new (for 127.0.0.1 at 2009-10-19 01:17:20) [GET]
  [4;36;1mAdmin Load (0.3ms)[0m   [0;1mSELECT * FROM "admins" WHERE ("admins"."id" = 1) [0m
Rendering template within layouts/application
Rendering invitations/new
Completed in 9ms (View: 5, DB: 0) | 200 OK [http://www.example.com/invitations/new]
REQUESTING PAGE: GET /invitations/new with {} and HTTP headers {"HTTP_REFERER"=>"http://www.example.com/invitations/new"}


Processing InvitationsController#new (for 127.0.0.1 at 2009-10-19 01:17:20) [GET]
  [4;35;1mAdmin Load (0.3ms)[0m   [0mSELECT * FROM "admins" WHERE ("admins"."id" = 1) [0m
Rendering template within layouts/application
Rendering invitations/new
Completed in 5ms (View: 4, DB: 0) | 200 OK [http://www.example.com/invitations/new]
REQUESTING PAGE: POST /invitations with {"commit"=>"Enviar convite", "invitation"=>{"recipient_email"=>"convidado@email.com"}} and HTTP headers {"HTTP_REFERER"=>"/invitations/new"}


Processing InvitationsController#create (for 127.0.0.1 at 2009-10-19 01:17:20) [POST]
  Parameters: {"commit"=>"Enviar convite", "invitation"=>{"recipient_email"=>"convidado@email.com"}}
  [4;36;1mAdmin Load (0.3ms)[0m   [0;1mSELECT * FROM "admins" WHERE ("admins"."id" = 1) [0m
  [4;35;1mUser Load (0.1ms)[0m   [0mSELECT * FROM "users" WHERE ("users"."email" = 'convidado@email.com') LIMIT 1[0m
  [4;36;1mInvitation Create (0.2ms)[0m   [0;1mINSERT INTO "invitations" ("created_at", "recipient_email", "token", "updated_at", "sent_at") VALUES('2009-10-19 03:17:20', 'convidado@email.com', 'd2e123a50bb621ec68261c15ffd34ab099e6aae4', '2009-10-19 03:17:20', NULL)[0m
  [4;35;1mInvitation Update (0.2ms)[0m   [0mUPDATE "invitations" SET "updated_at" = '2009-10-19 03:17:20', "sent_at" = '2009-10-19 03:17:20' WHERE "id" = 1[0m
Sent mail to convidado@email.com

Date: Mon, 19 Oct 2009 01:17:20 -0200
From: nossotf@googlegroups.com
To: convidado@email.com
Subject: Convite para o experimento
Mime-Version: 1.0
Content-Type: text/plain; charset=utf-8

Você foi convidado para participar de um experimento relacionado a sistemas de recomendação.
                                                         
Clique em http://www.example.com/signup/d2e123a50bb621ec68261c15ffd34ab099e6aae4 e finalize seu cadastro.

Obrigado.
Rendering template within layouts/application
Rendering invitations/new
Completed in 145ms (View: 3, DB: 1) | 200 OK [http://www.example.com/invitations]
  [4;36;1mAdmin Load (0.3ms)[0m   [0;1mSELECT * FROM "admins" WHERE ("admins"."email" = 'admin@email.com') LIMIT 1[0m
  [4;35;1mAdmin Create (0.5ms)[0m   [0mINSERT INTO "admins" ("encrypted_password", "created_at", "updated_at", "password_salt", "email") VALUES(NULL, '2009-10-19 03:24:04', '2009-10-19 03:24:04', NULL, 'admin@email.com')[0m
  [4;36;1mAdmin Update (0.2ms)[0m   [0;1mUPDATE "admins" SET "updated_at" = '2009-10-19 03:24:04', "encrypted_password" = '86dc1456cf4507d23be007b08202c0cbec9b574a', "password_salt" = 'hGGQ4UcfUx6jFU7z0q11' WHERE "id" = 1[0m
REQUESTING PAGE: GET /admins/sign_in with {} and HTTP headers {}


Processing SessionsController#new (for 127.0.0.1 at 2009-10-19 01:24:04) [GET]
Rendering template within layouts/application
Rendering sessions/new
Completed in 9ms (View: 7, DB: 1) | 200 OK [http://www.example.com/admins/sign_in]
REQUESTING PAGE: POST /admins/sign_in with {"commit"=>"Entrar", "admin"=>{"password"=>"adminadmin", "email"=>"admin@email.com"}} and HTTP headers {"HTTP_REFERER"=>"/admins/sign_in"}


Processing SessionsController#create (for 127.0.0.1 at 2009-10-19 01:24:04) [POST]
  Parameters: {"commit"=>"Entrar", "admin"=>{"password"=>"adminadmin", "email"=>"admin@email.com"}}
  [4;35;1mAdmin Load (0.3ms)[0m   [0mSELECT * FROM "admins" WHERE ("admins"."email" = 'admin@email.com') LIMIT 1[0m
Redirected to http://www.example.com/
Completed in 3ms (DB: 0) | 302 Found [http://www.example.com/admins/sign_in]
REQUESTING PAGE: GET http://www.example.com/ with {} and HTTP headers {"HTTP_REFERER"=>"/admins/sign_in"}


Processing HomeController#index (for 127.0.0.1 at 2009-10-19 01:24:04) [GET]
Redirected to http://www.example.com/invitations/new
Completed in 2ms (DB: 0) | 302 Found [http://www.example.com/]
REQUESTING PAGE: GET http://www.example.com/invitations/new with {} and HTTP headers {"HTTP_REFERER"=>"http://www.example.com/"}


Processing InvitationsController#new (for 127.0.0.1 at 2009-10-19 01:24:04) [GET]
  [4;36;1mAdmin Load (0.3ms)[0m   [0;1mSELECT * FROM "admins" WHERE ("admins"."id" = 1) [0m
Rendering template within layouts/application
Rendering invitations/new
Completed in 9ms (View: 5, DB: 0) | 200 OK [http://www.example.com/invitations/new]
REQUESTING PAGE: GET /invitations/new with {} and HTTP headers {"HTTP_REFERER"=>"http://www.example.com/invitations/new"}


Processing InvitationsController#new (for 127.0.0.1 at 2009-10-19 01:24:05) [GET]
  [4;35;1mAdmin Load (0.3ms)[0m   [0mSELECT * FROM "admins" WHERE ("admins"."id" = 1) [0m
Rendering template within layouts/application
Rendering invitations/new
Completed in 5ms (View: 3, DB: 0) | 200 OK [http://www.example.com/invitations/new]
REQUESTING PAGE: POST /invitations with {"commit"=>"Enviar convite", "invitation"=>{"recipient_email"=>"convidado@email.com"}} and HTTP headers {"HTTP_REFERER"=>"/invitations/new"}


Processing InvitationsController#create (for 127.0.0.1 at 2009-10-19 01:24:05) [POST]
  Parameters: {"commit"=>"Enviar convite", "invitation"=>{"recipient_email"=>"convidado@email.com"}}
  [4;36;1mAdmin Load (0.4ms)[0m   [0;1mSELECT * FROM "admins" WHERE ("admins"."id" = 1) [0m
  [4;35;1mUser Load (0.1ms)[0m   [0mSELECT * FROM "users" WHERE ("users"."email" = 'convidado@email.com') LIMIT 1[0m
  [4;36;1mInvitation Create (0.1ms)[0m   [0;1mINSERT INTO "invitations" ("created_at", "recipient_email", "token", "updated_at", "sent_at") VALUES('2009-10-19 03:24:05', 'convidado@email.com', 'c3da77e9a5bae8f4a01517a32995255dbb3d2726', '2009-10-19 03:24:05', NULL)[0m
  [4;35;1mInvitation Update (0.2ms)[0m   [0mUPDATE "invitations" SET "updated_at" = '2009-10-19 03:24:05', "sent_at" = '2009-10-19 03:24:05' WHERE "id" = 1[0m
Sent mail to convidado@email.com

Date: Mon, 19 Oct 2009 01:24:05 -0200
From: nossotf@googlegroups.com
To: convidado@email.com
Subject: Convite para o experimento
Mime-Version: 1.0
Content-Type: text/plain; charset=utf-8

Você foi convidado para participar de um experimento relacionado a sistemas de recomendação.
                                                         
Clique em http://www.example.com/signup/c3da77e9a5bae8f4a01517a32995255dbb3d2726 e finalize seu cadastro.

Obrigado.
Rendering template within layouts/application
Rendering invitations/new
Completed in 153ms (View: 3, DB: 1) | 200 OK [http://www.example.com/invitations]
  [4;36;1mSQL (0.3ms)[0m   [0;1m SELECT name
 FROM sqlite_master
 WHERE type = 'table' AND NOT name = 'sqlite_sequence'
[0m
  [4;35;1mSQL (0.3ms)[0m   [0m SELECT name
 FROM sqlite_master
 WHERE type = 'table' AND NOT name = 'sqlite_sequence'
[0m
  [4;36;1mSQL (0.2ms)[0m   [0;1m SELECT name
 FROM sqlite_master
 WHERE type = 'table' AND NOT name = 'sqlite_sequence'
[0m
  [4;35;1mSQL (0.2ms)[0m   [0m SELECT name
 FROM sqlite_master
 WHERE type = 'table' AND NOT name = 'sqlite_sequence'
[0m
  [4;36;1mSQL (0.2ms)[0m   [0;1m SELECT name
 FROM sqlite_master
 WHERE type = 'table' AND NOT name = 'sqlite_sequence'
[0m
  [4;35;1mSQL (0.3ms)[0m   [0m SELECT name
 FROM sqlite_master
 WHERE type = 'table' AND NOT name = 'sqlite_sequence'
[0m
  [4;36;1mSQL (0.2ms)[0m   [0;1m SELECT name
 FROM sqlite_master
 WHERE type = 'table' AND NOT name = 'sqlite_sequence'
[0m
  [4;35;1mSQL (0.2ms)[0m   [0m SELECT name
 FROM sqlite_master
 WHERE type = 'table' AND NOT name = 'sqlite_sequence'
[0m
  [4;36;1mSQL (0.2ms)[0m   [0;1m SELECT name
 FROM sqlite_master
 WHERE type = 'table' AND NOT name = 'sqlite_sequence'
[0m
  [4;35;1mSQL (0.2ms)[0m   [0m SELECT name
 FROM sqlite_master
 WHERE type = 'table' AND NOT name = 'sqlite_sequence'
[0m
  [4;36;1mSQL (0.2ms)[0m   [0;1m SELECT name
 FROM sqlite_master
 WHERE type = 'table' AND NOT name = 'sqlite_sequence'
[0m
  [4;35;1mSQL (0.2ms)[0m   [0m SELECT name
 FROM sqlite_master
 WHERE type = 'table' AND NOT name = 'sqlite_sequence'
[0m
  [4;36;1mSQL (0.2ms)[0m   [0;1m SELECT name
 FROM sqlite_master
 WHERE type = 'table' AND NOT name = 'sqlite_sequence'
[0m
  [4;35;1mSQL (0.3ms)[0m   [0m SELECT name
 FROM sqlite_master
 WHERE type = 'table' AND NOT name = 'sqlite_sequence'
[0m
  [4;36;1mSQL (0.2ms)[0m   [0;1m SELECT name
 FROM sqlite_master
 WHERE type = 'table' AND NOT name = 'sqlite_sequence'
[0m
  [4;35;1mSQL (0.2ms)[0m   [0m SELECT name
 FROM sqlite_master
 WHERE type = 'table' AND NOT name = 'sqlite_sequence'
[0m
  [4;36;1mSQL (0.3ms)[0m   [0;1m SELECT name
 FROM sqlite_master
 WHERE type = 'table' AND NOT name = 'sqlite_sequence'
[0m
  [4;35;1mSQL (0.2ms)[0m   [0m SELECT name
 FROM sqlite_master
 WHERE type = 'table' AND NOT name = 'sqlite_sequence'
[0m
  [4;36;1mSQL (0.2ms)[0m   [0;1m SELECT name
 FROM sqlite_master
 WHERE type = 'table' AND NOT name = 'sqlite_sequence'
[0m
  [4;35;1mSQL (0.3ms)[0m   [0m SELECT name
 FROM sqlite_master
 WHERE type = 'table' AND NOT name = 'sqlite_sequence'
[0m
  [4;36;1mSQL (0.2ms)[0m   [0;1m SELECT name
 FROM sqlite_master
 WHERE type = 'table' AND NOT name = 'sqlite_sequence'
[0m
  [4;35;1mSQL (0.2ms)[0m   [0m SELECT name
 FROM sqlite_master
 WHERE type = 'table' AND NOT name = 'sqlite_sequence'
[0m
  [4;36;1mSQL (0.2ms)[0m   [0;1m SELECT name
 FROM sqlite_master
 WHERE type = 'table' AND NOT name = 'sqlite_sequence'
[0m
  [4;35;1mSQL (0.2ms)[0m   [0m SELECT name
 FROM sqlite_master
 WHERE type = 'table' AND NOT name = 'sqlite_sequence'
[0m
  [4;36;1mSQL (0.3ms)[0m   [0;1m SELECT name
 FROM sqlite_master
 WHERE type = 'table' AND NOT name = 'sqlite_sequence'
[0m
  [4;35;1mSQL (0.2ms)[0m   [0m SELECT name
 FROM sqlite_master
 WHERE type = 'table' AND NOT name = 'sqlite_sequence'
[0m
  [4;36;1mSQL (0.2ms)[0m   [0;1m SELECT name
 FROM sqlite_master
 WHERE type = 'table' AND NOT name = 'sqlite_sequence'
[0m
  [4;35;1mSQL (0.3ms)[0m   [0m SELECT name
 FROM sqlite_master
 WHERE type = 'table' AND NOT name = 'sqlite_sequence'
[0m
  [4;36;1mSQL (0.2ms)[0m   [0;1m SELECT name
 FROM sqlite_master
 WHERE type = 'table' AND NOT name = 'sqlite_sequence'
[0m
  [4;35;1mSQL (0.3ms)[0m   [0m SELECT name
 FROM sqlite_master
 WHERE type = 'table' AND NOT name = 'sqlite_sequence'
[0m
  [4;36;1mAdmin Load (0.2ms)[0m   [0;1mSELECT * FROM "admins" WHERE ("admins"."email" = 'admin@email.com') LIMIT 1[0m
  [4;35;1mAdmin Create (0.5ms)[0m   [0mINSERT INTO "admins" ("encrypted_password", "created_at", "updated_at", "password_salt", "email") VALUES(NULL, '2009-10-19 03:24:23', '2009-10-19 03:24:23', NULL, 'admin@email.com')[0m
  [4;36;1mAdmin Update (0.2ms)[0m   [0;1mUPDATE "admins" SET "updated_at" = '2009-10-19 03:24:23', "encrypted_password" = 'ea760b8fdbc03905aae994d27aab2e243a067eca', "password_salt" = 'Rtb7EYizmA6GlTh8ddTD' WHERE "id" = 1[0m
REQUESTING PAGE: GET /admins/sign_in with {} and HTTP headers {}


Processing SessionsController#new (for 127.0.0.1 at 2009-10-19 01:24:23) [GET]
Rendering template within layouts/application
Rendering sessions/new
Completed in 9ms (View: 6, DB: 1) | 200 OK [http://www.example.com/admins/sign_in]
REQUESTING PAGE: POST /admins/sign_in with {"commit"=>"Entrar", "admin"=>{"password"=>"adminadmin", "email"=>"admin@email.com"}} and HTTP headers {"HTTP_REFERER"=>"/admins/sign_in"}


Processing SessionsController#create (for 127.0.0.1 at 2009-10-19 01:24:23) [POST]
  Parameters: {"commit"=>"Entrar", "admin"=>{"password"=>"adminadmin", "email"=>"admin@email.com"}}
  [4;35;1mAdmin Load (0.3ms)[0m   [0mSELECT * FROM "admins" WHERE ("admins"."email" = 'admin@email.com') LIMIT 1[0m
Redirected to http://www.example.com/
Completed in 2ms (DB: 0) | 302 Found [http://www.example.com/admins/sign_in]
REQUESTING PAGE: GET http://www.example.com/ with {} and HTTP headers {"HTTP_REFERER"=>"/admins/sign_in"}


Processing HomeController#index (for 127.0.0.1 at 2009-10-19 01:24:23) [GET]
Redirected to http://www.example.com/invitations/new
Completed in 2ms (DB: 0) | 302 Found [http://www.example.com/]
REQUESTING PAGE: GET http://www.example.com/invitations/new with {} and HTTP headers {"HTTP_REFERER"=>"http://www.example.com/"}


Processing InvitationsController#new (for 127.0.0.1 at 2009-10-19 01:24:23) [GET]
  [4;36;1mAdmin Load (0.3ms)[0m   [0;1mSELECT * FROM "admins" WHERE ("admins"."id" = 1) [0m
Rendering template within layouts/application
Rendering invitations/new
Completed in 9ms (View: 5, DB: 0) | 200 OK [http://www.example.com/invitations/new]
REQUESTING PAGE: GET /invitations/new with {} and HTTP headers {"HTTP_REFERER"=>"http://www.example.com/invitations/new"}


Processing InvitationsController#new (for 127.0.0.1 at 2009-10-19 01:24:23) [GET]
  [4;35;1mAdmin Load (0.3ms)[0m   [0mSELECT * FROM "admins" WHERE ("admins"."id" = 1) [0m
Rendering template within layouts/application
Rendering invitations/new
Completed in 4ms (View: 2, DB: 0) | 200 OK [http://www.example.com/invitations/new]
REQUESTING PAGE: POST /invitations with {"commit"=>"Enviar convite", "invitation"=>{"recipient_email"=>"convidado@email.com"}} and HTTP headers {"HTTP_REFERER"=>"/invitations/new"}


Processing InvitationsController#create (for 127.0.0.1 at 2009-10-19 01:24:23) [POST]
  Parameters: {"commit"=>"Enviar convite", "invitation"=>{"recipient_email"=>"convidado@email.com"}}
  [4;36;1mAdmin Load (0.3ms)[0m   [0;1mSELECT * FROM "admins" WHERE ("admins"."id" = 1) [0m
  [4;35;1mUser Load (0.1ms)[0m   [0mSELECT * FROM "users" WHERE ("users"."email" = 'convidado@email.com') LIMIT 1[0m
  [4;36;1mInvitation Create (0.1ms)[0m   [0;1mINSERT INTO "invitations" ("created_at", "recipient_email", "token", "updated_at", "sent_at") VALUES('2009-10-19 03:24:23', 'convidado@email.com', '43c2056c61c4240d0d555752f19ea1d7e99ee226', '2009-10-19 03:24:23', NULL)[0m
  [4;35;1mInvitation Update (0.2ms)[0m   [0mUPDATE "invitations" SET "updated_at" = '2009-10-19 03:24:23', "sent_at" = '2009-10-19 03:24:23' WHERE "id" = 1[0m
Sent mail to convidado@email.com

Date: Mon, 19 Oct 2009 01:24:23 -0200
From: nossotf@googlegroups.com
To: convidado@email.com
Subject: Convite para o experimento
Mime-Version: 1.0
Content-Type: text/plain; charset=utf-8

Você foi convidado para participar de um experimento relacionado a sistemas de recomendação.
                                                         
Clique em http://www.example.com/signup/43c2056c61c4240d0d555752f19ea1d7e99ee226 e finalize seu cadastro.

Obrigado.
Rendering template within layouts/application
Rendering invitations/new
Completed in 59ms (View: 3, DB: 1) | 200 OK [http://www.example.com/invitations]
  [4;36;1mAdmin Load (0.2ms)[0m   [0;1mSELECT * FROM "admins" WHERE ("admins"."email" = 'admin@email.com') LIMIT 1[0m
  [4;35;1mAdmin Create (0.5ms)[0m   [0mINSERT INTO "admins" ("encrypted_password", "created_at", "updated_at", "password_salt", "email") VALUES(NULL, '2009-10-19 03:25:34', '2009-10-19 03:25:34', NULL, 'admin@email.com')[0m
  [4;36;1mAdmin Update (0.2ms)[0m   [0;1mUPDATE "admins" SET "updated_at" = '2009-10-19 03:25:34', "encrypted_password" = '8bbe1602aad418f45d5d87b9675383e788e656f7', "password_salt" = 'En7LGnlfpBE7XYDiy23k' WHERE "id" = 1[0m
REQUESTING PAGE: GET /admins/sign_in with {} and HTTP headers {}


Processing SessionsController#new (for 127.0.0.1 at 2009-10-19 01:25:34) [GET]
Rendering template within layouts/application
Rendering sessions/new
Completed in 9ms (View: 7, DB: 1) | 200 OK [http://www.example.com/admins/sign_in]
REQUESTING PAGE: POST /admins/sign_in with {"commit"=>"Entrar", "admin"=>{"password"=>"adminadmin", "email"=>"admin@email.com"}} and HTTP headers {"HTTP_REFERER"=>"/admins/sign_in"}


Processing SessionsController#create (for 127.0.0.1 at 2009-10-19 01:25:34) [POST]
  Parameters: {"commit"=>"Entrar", "admin"=>{"password"=>"adminadmin", "email"=>"admin@email.com"}}
  [4;35;1mAdmin Load (0.4ms)[0m   [0mSELECT * FROM "admins" WHERE ("admins"."email" = 'admin@email.com') LIMIT 1[0m
Redirected to http://www.example.com/
Completed in 2ms (DB: 0) | 302 Found [http://www.example.com/admins/sign_in]
REQUESTING PAGE: GET http://www.example.com/ with {} and HTTP headers {"HTTP_REFERER"=>"/admins/sign_in"}


Processing HomeController#index (for 127.0.0.1 at 2009-10-19 01:25:34) [GET]
Redirected to http://www.example.com/invitations/new
Completed in 2ms (DB: 0) | 302 Found [http://www.example.com/]
REQUESTING PAGE: GET http://www.example.com/invitations/new with {} and HTTP headers {"HTTP_REFERER"=>"http://www.example.com/"}


Processing InvitationsController#new (for 127.0.0.1 at 2009-10-19 01:25:34) [GET]
  [4;36;1mAdmin Load (0.3ms)[0m   [0;1mSELECT * FROM "admins" WHERE ("admins"."id" = 1) [0m
Rendering template within layouts/application
Rendering invitations/new
Completed in 9ms (View: 5, DB: 0) | 200 OK [http://www.example.com/invitations/new]
REQUESTING PAGE: GET /invitations/new with {} and HTTP headers {"HTTP_REFERER"=>"http://www.example.com/invitations/new"}


Processing InvitationsController#new (for 127.0.0.1 at 2009-10-19 01:25:34) [GET]
  [4;35;1mAdmin Load (0.3ms)[0m   [0mSELECT * FROM "admins" WHERE ("admins"."id" = 1) [0m
Rendering template within layouts/application
Rendering invitations/new
Completed in 4ms (View: 2, DB: 0) | 200 OK [http://www.example.com/invitations/new]
REQUESTING PAGE: POST /invitations with {"commit"=>"Enviar convite", "invitation"=>{"recipient_email"=>"convidado@email.com"}} and HTTP headers {"HTTP_REFERER"=>"/invitations/new"}


Processing InvitationsController#create (for 127.0.0.1 at 2009-10-19 01:25:34) [POST]
  Parameters: {"commit"=>"Enviar convite", "invitation"=>{"recipient_email"=>"convidado@email.com"}}
  [4;36;1mAdmin Load (0.3ms)[0m   [0;1mSELECT * FROM "admins" WHERE ("admins"."id" = 1) [0m
  [4;35;1mUser Load (0.1ms)[0m   [0mSELECT * FROM "users" WHERE ("users"."email" = 'convidado@email.com') LIMIT 1[0m
  [4;36;1mInvitation Create (0.1ms)[0m   [0;1mINSERT INTO "invitations" ("created_at", "recipient_email", "token", "updated_at", "sent_at") VALUES('2009-10-19 03:25:34', 'convidado@email.com', '8815943dff9110253f00b48a4b82b4b7d4756164', '2009-10-19 03:25:34', NULL)[0m
  [4;35;1mInvitation Update (0.2ms)[0m   [0mUPDATE "invitations" SET "updated_at" = '2009-10-19 03:25:34', "sent_at" = '2009-10-19 03:25:34' WHERE "id" = 1[0m
Sent mail to convidado@email.com

Date: Mon, 19 Oct 2009 01:25:34 -0200
From: nossotf@googlegroups.com
To: convidado@email.com
Subject: Convite para o experimento
Mime-Version: 1.0
Content-Type: text/plain; charset=utf-8

Você foi convidado para participar de um experimento relacionado a sistemas de recomendação.
                                                         
Clique em http://www.example.com/signup/8815943dff9110253f00b48a4b82b4b7d4756164 e finalize seu cadastro.

Obrigado.
Rendering template within layouts/application
Rendering invitations/new
Completed in 60ms (View: 3, DB: 1) | 200 OK [http://www.example.com/invitations]
  [4;36;1mAdmin Load (0.3ms)[0m   [0;1mSELECT * FROM "admins" WHERE ("admins"."email" = 'admin@email.com') LIMIT 1[0m
  [4;35;1mAdmin Create (0.5ms)[0m   [0mINSERT INTO "admins" ("encrypted_password", "created_at", "updated_at", "password_salt", "email") VALUES(NULL, '2009-10-19 03:25:55', '2009-10-19 03:25:55', NULL, 'admin@email.com')[0m
  [4;36;1mAdmin Update (0.2ms)[0m   [0;1mUPDATE "admins" SET "updated_at" = '2009-10-19 03:25:55', "encrypted_password" = 'e3a9bc996e75ba2e881ddd6c9e36d609fdb104ed', "password_salt" = 'trXDQWoZSMXj3FsQ67ph' WHERE "id" = 1[0m
REQUESTING PAGE: GET /admins/sign_in with {} and HTTP headers {}


Processing SessionsController#new (for 127.0.0.1 at 2009-10-19 01:25:55) [GET]
Rendering template within layouts/application
Rendering sessions/new
Completed in 9ms (View: 7, DB: 1) | 200 OK [http://www.example.com/admins/sign_in]
REQUESTING PAGE: POST /admins/sign_in with {"commit"=>"Entrar", "admin"=>{"password"=>"adminadmin", "email"=>"admin@email.com"}} and HTTP headers {"HTTP_REFERER"=>"/admins/sign_in"}


Processing SessionsController#create (for 127.0.0.1 at 2009-10-19 01:25:55) [POST]
  Parameters: {"commit"=>"Entrar", "admin"=>{"password"=>"adminadmin", "email"=>"admin@email.com"}}
  [4;35;1mAdmin Load (0.3ms)[0m   [0mSELECT * FROM "admins" WHERE ("admins"."email" = 'admin@email.com') LIMIT 1[0m
Redirected to http://www.example.com/
Completed in 2ms (DB: 0) | 302 Found [http://www.example.com/admins/sign_in]
REQUESTING PAGE: GET http://www.example.com/ with {} and HTTP headers {"HTTP_REFERER"=>"/admins/sign_in"}


Processing HomeController#index (for 127.0.0.1 at 2009-10-19 01:25:55) [GET]
Redirected to http://www.example.com/invitations/new
Completed in 2ms (DB: 0) | 302 Found [http://www.example.com/]
REQUESTING PAGE: GET http://www.example.com/invitations/new with {} and HTTP headers {"HTTP_REFERER"=>"http://www.example.com/"}


Processing InvitationsController#new (for 127.0.0.1 at 2009-10-19 01:25:55) [GET]
  [4;36;1mAdmin Load (0.3ms)[0m   [0;1mSELECT * FROM "admins" WHERE ("admins"."id" = 1) [0m
Rendering template within layouts/application
Rendering invitations/new
Completed in 9ms (View: 5, DB: 0) | 200 OK [http://www.example.com/invitations/new]
REQUESTING PAGE: GET /invitations/new with {} and HTTP headers {"HTTP_REFERER"=>"http://www.example.com/invitations/new"}


Processing InvitationsController#new (for 127.0.0.1 at 2009-10-19 01:25:55) [GET]
  [4;35;1mAdmin Load (0.3ms)[0m   [0mSELECT * FROM "admins" WHERE ("admins"."id" = 1) [0m
Rendering template within layouts/application
Rendering invitations/new
Completed in 4ms (View: 2, DB: 0) | 200 OK [http://www.example.com/invitations/new]
REQUESTING PAGE: POST /invitations with {"commit"=>"Enviar convite", "invitation"=>{"recipient_email"=>"convidado@email.com"}} and HTTP headers {"HTTP_REFERER"=>"/invitations/new"}


Processing InvitationsController#create (for 127.0.0.1 at 2009-10-19 01:25:55) [POST]
  Parameters: {"commit"=>"Enviar convite", "invitation"=>{"recipient_email"=>"convidado@email.com"}}
  [4;36;1mAdmin Load (0.3ms)[0m   [0;1mSELECT * FROM "admins" WHERE ("admins"."id" = 1) [0m
  [4;35;1mUser Load (0.1ms)[0m   [0mSELECT * FROM "users" WHERE ("users"."email" = 'convidado@email.com') LIMIT 1[0m
  [4;36;1mInvitation Create (0.1ms)[0m   [0;1mINSERT INTO "invitations" ("created_at", "recipient_email", "token", "updated_at", "sent_at") VALUES('2009-10-19 03:25:55', 'convidado@email.com', '80454d6823cc6ccf3f7670444dc76da21e6f7970', '2009-10-19 03:25:55', NULL)[0m
  [4;35;1mInvitation Update (0.2ms)[0m   [0mUPDATE "invitations" SET "updated_at" = '2009-10-19 03:25:55', "sent_at" = '2009-10-19 03:25:55' WHERE "id" = 1[0m
Sent mail to convidado@email.com

Date: Mon, 19 Oct 2009 01:25:55 -0200
From: nossotf@googlegroups.com
To: convidado@email.com
Subject: Convite para o experimento
Mime-Version: 1.0
Content-Type: text/plain; charset=utf-8

Você foi convidado para participar de um experimento relacionado a sistemas de recomendação.
                                                         
Clique em http://www.example.com/signup/80454d6823cc6ccf3f7670444dc76da21e6f7970 e finalize seu cadastro.

Obrigado.
Rendering template within layouts/application
Rendering invitations/new
Completed in 28ms (View: 3, DB: 1) | 200 OK [http://www.example.com/invitations]
  [4;36;1mAdmin Load (0.2ms)[0m   [0;1mSELECT * FROM "admins" WHERE ("admins"."email" = 'admin@email.com') LIMIT 1[0m
  [4;35;1mAdmin Create (0.5ms)[0m   [0mINSERT INTO "admins" ("encrypted_password", "created_at", "updated_at", "password_salt", "email") VALUES(NULL, '2009-10-19 03:26:18', '2009-10-19 03:26:18', NULL, 'admin@email.com')[0m
  [4;36;1mAdmin Update (0.2ms)[0m   [0;1mUPDATE "admins" SET "updated_at" = '2009-10-19 03:26:18', "encrypted_password" = 'c8b4964fb4c6b8c9d9a7873e36aee644cd13205b', "password_salt" = 'RYE45EzP-gN5rQdaBWBB' WHERE "id" = 1[0m
REQUESTING PAGE: GET /admins/sign_in with {} and HTTP headers {}


Processing SessionsController#new (for 127.0.0.1 at 2009-10-19 01:26:18) [GET]
Rendering template within layouts/application
Rendering sessions/new
Completed in 9ms (View: 6, DB: 1) | 200 OK [http://www.example.com/admins/sign_in]
REQUESTING PAGE: POST /admins/sign_in with {"commit"=>"Entrar", "admin"=>{"password"=>"adminadmin", "email"=>"admin@email.com"}} and HTTP headers {"HTTP_REFERER"=>"/admins/sign_in"}


Processing SessionsController#create (for 127.0.0.1 at 2009-10-19 01:26:18) [POST]
  Parameters: {"commit"=>"Entrar", "admin"=>{"password"=>"adminadmin", "email"=>"admin@email.com"}}
  [4;35;1mAdmin Load (0.3ms)[0m   [0mSELECT * FROM "admins" WHERE ("admins"."email" = 'admin@email.com') LIMIT 1[0m
Redirected to http://www.example.com/
Completed in 2ms (DB: 0) | 302 Found [http://www.example.com/admins/sign_in]
REQUESTING PAGE: GET http://www.example.com/ with {} and HTTP headers {"HTTP_REFERER"=>"/admins/sign_in"}


Processing HomeController#index (for 127.0.0.1 at 2009-10-19 01:26:18) [GET]
Redirected to http://www.example.com/invitations/new
Completed in 2ms (DB: 0) | 302 Found [http://www.example.com/]
REQUESTING PAGE: GET http://www.example.com/invitations/new with {} and HTTP headers {"HTTP_REFERER"=>"http://www.example.com/"}


Processing InvitationsController#new (for 127.0.0.1 at 2009-10-19 01:26:18) [GET]
  [4;36;1mAdmin Load (0.4ms)[0m   [0;1mSELECT * FROM "admins" WHERE ("admins"."id" = 1) [0m
Rendering template within layouts/application
Rendering invitations/new
Completed in 10ms (View: 5, DB: 0) | 200 OK [http://www.example.com/invitations/new]
REQUESTING PAGE: GET /invitations/new with {} and HTTP headers {"HTTP_REFERER"=>"http://www.example.com/invitations/new"}


Processing InvitationsController#new (for 127.0.0.1 at 2009-10-19 01:26:18) [GET]
  [4;35;1mAdmin Load (0.3ms)[0m   [0mSELECT * FROM "admins" WHERE ("admins"."id" = 1) [0m
Rendering template within layouts/application
Rendering invitations/new
Completed in 4ms (View: 2, DB: 0) | 200 OK [http://www.example.com/invitations/new]
REQUESTING PAGE: POST /invitations with {"commit"=>"Enviar convite", "invitation"=>{"recipient_email"=>"convidado@email.com"}} and HTTP headers {"HTTP_REFERER"=>"/invitations/new"}


Processing InvitationsController#create (for 127.0.0.1 at 2009-10-19 01:26:18) [POST]
  Parameters: {"commit"=>"Enviar convite", "invitation"=>{"recipient_email"=>"convidado@email.com"}}
  [4;36;1mAdmin Load (0.4ms)[0m   [0;1mSELECT * FROM "admins" WHERE ("admins"."id" = 1) [0m
  [4;35;1mUser Load (0.2ms)[0m   [0mSELECT * FROM "users" WHERE ("users"."email" = 'convidado@email.com') LIMIT 1[0m
  [4;36;1mInvitation Create (0.2ms)[0m   [0;1mINSERT INTO "invitations" ("created_at", "recipient_email", "token", "updated_at", "sent_at") VALUES('2009-10-19 03:26:18', 'convidado@email.com', 'a18837ecbaedc100a8c353f0f0f2d56e883f9ae0', '2009-10-19 03:26:18', NULL)[0m
  [4;35;1mInvitation Update (0.2ms)[0m   [0mUPDATE "invitations" SET "updated_at" = '2009-10-19 03:26:18', "sent_at" = '2009-10-19 03:26:18' WHERE "id" = 1[0m
Sent mail to convidado@email.com

Date: Mon, 19 Oct 2009 01:26:18 -0200
From: nossotf@googlegroups.com
To: convidado@email.com
Subject: Convite para o experimento
Mime-Version: 1.0
Content-Type: text/plain; charset=utf-8

Você foi convidado para participar de um experimento relacionado a sistemas de recomendação.
                                                         
Clique em http://www.example.com/signup/a18837ecbaedc100a8c353f0f0f2d56e883f9ae0 e finalize seu cadastro.

Obrigado.
Rendering template within layouts/application
Rendering invitations/new
Completed in 30ms (View: 3, DB: 1) | 200 OK [http://www.example.com/invitations]
  [4;36;1mAdmin Load (0.2ms)[0m   [0;1mSELECT * FROM "admins" WHERE ("admins"."email" = 'admin@email.com') LIMIT 1[0m
  [4;35;1mAdmin Create (0.5ms)[0m   [0mINSERT INTO "admins" ("encrypted_password", "created_at", "updated_at", "password_salt", "email") VALUES(NULL, '2009-10-19 03:26:48', '2009-10-19 03:26:48', NULL, 'admin@email.com')[0m
  [4;36;1mAdmin Update (0.2ms)[0m   [0;1mUPDATE "admins" SET "updated_at" = '2009-10-19 03:26:48', "encrypted_password" = 'd936c6180f53137161a1e353d11447c872b13210', "password_salt" = 'DiRFflTKkehMQGOCAqWX' WHERE "id" = 1[0m
REQUESTING PAGE: GET /admins/sign_in with {} and HTTP headers {}


Processing SessionsController#new (for 127.0.0.1 at 2009-10-19 01:26:48) [GET]
Rendering template within layouts/application
Rendering sessions/new
Completed in 9ms (View: 7, DB: 1) | 200 OK [http://www.example.com/admins/sign_in]
REQUESTING PAGE: POST /admins/sign_in with {"commit"=>"Entrar", "admin"=>{"password"=>"adminadmin", "email"=>"admin@email.com"}} and HTTP headers {"HTTP_REFERER"=>"/admins/sign_in"}


Processing SessionsController#create (for 127.0.0.1 at 2009-10-19 01:26:48) [POST]
  Parameters: {"commit"=>"Entrar", "admin"=>{"password"=>"adminadmin", "email"=>"admin@email.com"}}
  [4;35;1mAdmin Load (0.3ms)[0m   [0mSELECT * FROM "admins" WHERE ("admins"."email" = 'admin@email.com') LIMIT 1[0m
Redirected to http://www.example.com/
Completed in 2ms (DB: 0) | 302 Found [http://www.example.com/admins/sign_in]
REQUESTING PAGE: GET http://www.example.com/ with {} and HTTP headers {"HTTP_REFERER"=>"/admins/sign_in"}


Processing HomeController#index (for 127.0.0.1 at 2009-10-19 01:26:48) [GET]
Redirected to http://www.example.com/invitations/new
Completed in 2ms (DB: 0) | 302 Found [http://www.example.com/]
REQUESTING PAGE: GET http://www.example.com/invitations/new with {} and HTTP headers {"HTTP_REFERER"=>"http://www.example.com/"}


Processing InvitationsController#new (for 127.0.0.1 at 2009-10-19 01:26:48) [GET]
  [4;36;1mAdmin Load (3.0ms)[0m   [0;1mSELECT * FROM "admins" WHERE ("admins"."id" = 1) [0m
Rendering template within layouts/application
Rendering invitations/new
Completed in 20ms (View: 6, DB: 3) | 200 OK [http://www.example.com/invitations/new]
REQUESTING PAGE: GET /invitations/new with {} and HTTP headers {"HTTP_REFERER"=>"http://www.example.com/invitations/new"}


Processing InvitationsController#new (for 127.0.0.1 at 2009-10-19 01:26:48) [GET]
  [4;35;1mAdmin Load (0.3ms)[0m   [0mSELECT * FROM "admins" WHERE ("admins"."id" = 1) [0m
Rendering template within layouts/application
Rendering invitations/new
Completed in 4ms (View: 3, DB: 0) | 200 OK [http://www.example.com/invitations/new]
REQUESTING PAGE: POST /invitations with {"commit"=>"Enviar convite", "invitation"=>{"recipient_email"=>"convidado@email.com"}} and HTTP headers {"HTTP_REFERER"=>"/invitations/new"}


Processing InvitationsController#create (for 127.0.0.1 at 2009-10-19 01:26:48) [POST]
  Parameters: {"commit"=>"Enviar convite", "invitation"=>{"recipient_email"=>"convidado@email.com"}}
  [4;36;1mAdmin Load (0.3ms)[0m   [0;1mSELECT * FROM "admins" WHERE ("admins"."id" = 1) [0m
  [4;35;1mUser Load (0.1ms)[0m   [0mSELECT * FROM "users" WHERE ("users"."email" = 'convidado@email.com') LIMIT 1[0m
  [4;36;1mInvitation Create (0.1ms)[0m   [0;1mINSERT INTO "invitations" ("created_at", "recipient_email", "token", "updated_at", "sent_at") VALUES('2009-10-19 03:26:48', 'convidado@email.com', '0ee347a9f51f8837a056722bb32f83afcaf59c93', '2009-10-19 03:26:48', NULL)[0m
  [4;35;1mInvitation Update (0.2ms)[0m   [0mUPDATE "invitations" SET "updated_at" = '2009-10-19 03:26:48', "sent_at" = '2009-10-19 03:26:48' WHERE "id" = 1[0m
Sent mail to convidado@email.com

Date: Mon, 19 Oct 2009 01:26:48 -0200
From: nossotf@googlegroups.com
To: convidado@email.com
Subject: Convite para o experimento
Mime-Version: 1.0
Content-Type: text/plain; charset=utf-8

Você foi convidado para participar de um experimento relacionado a sistemas de recomendação.
                                                         
Clique em http://www.example.com/signup/0ee347a9f51f8837a056722bb32f83afcaf59c93 e finalize seu cadastro.

Obrigado.
Rendering template within layouts/application
Rendering invitations/new
Completed in 28ms (View: 3, DB: 1) | 200 OK [http://www.example.com/invitations]
  [4;36;1mAdmin Load (0.2ms)[0m   [0;1mSELECT * FROM "admins" WHERE ("admins"."email" = 'admin@email.com') LIMIT 1[0m
  [4;35;1mAdmin Create (0.7ms)[0m   [0mINSERT INTO "admins" ("encrypted_password", "created_at", "updated_at", "password_salt", "email") VALUES(NULL, '2009-10-19 03:27:18', '2009-10-19 03:27:18', NULL, 'admin@email.com')[0m
  [4;36;1mAdmin Update (0.2ms)[0m   [0;1mUPDATE "admins" SET "updated_at" = '2009-10-19 03:27:18', "encrypted_password" = '9279266897ff30c2eec44c9efe190f4a26ea5b3b', "password_salt" = 'Y6czDMNw0Rouh9vVyyZ8' WHERE "id" = 1[0m
REQUESTING PAGE: GET /admins/sign_in with {} and HTTP headers {}


Processing SessionsController#new (for 127.0.0.1 at 2009-10-19 01:27:18) [GET]
Rendering template within layouts/application
Rendering sessions/new
Completed in 9ms (View: 7, DB: 1) | 200 OK [http://www.example.com/admins/sign_in]
REQUESTING PAGE: POST /admins/sign_in with {"commit"=>"Entrar", "admin"=>{"password"=>"adminadmin", "email"=>"admin@email.com"}} and HTTP headers {"HTTP_REFERER"=>"/admins/sign_in"}


Processing SessionsController#create (for 127.0.0.1 at 2009-10-19 01:27:18) [POST]
  Parameters: {"commit"=>"Entrar", "admin"=>{"password"=>"adminadmin", "email"=>"admin@email.com"}}
  [4;35;1mAdmin Load (0.3ms)[0m   [0mSELECT * FROM "admins" WHERE ("admins"."email" = 'admin@email.com') LIMIT 1[0m
Redirected to http://www.example.com/
Completed in 2ms (DB: 0) | 302 Found [http://www.example.com/admins/sign_in]
REQUESTING PAGE: GET http://www.example.com/ with {} and HTTP headers {"HTTP_REFERER"=>"/admins/sign_in"}


Processing HomeController#index (for 127.0.0.1 at 2009-10-19 01:27:18) [GET]
Redirected to http://www.example.com/invitations/new
Completed in 2ms (DB: 0) | 302 Found [http://www.example.com/]
REQUESTING PAGE: GET http://www.example.com/invitations/new with {} and HTTP headers {"HTTP_REFERER"=>"http://www.example.com/"}


Processing InvitationsController#new (for 127.0.0.1 at 2009-10-19 01:27:18) [GET]
  [4;36;1mAdmin Load (0.3ms)[0m   [0;1mSELECT * FROM "admins" WHERE ("admins"."id" = 1) [0m
Rendering template within layouts/application
Rendering invitations/new
Completed in 9ms (View: 5, DB: 0) | 200 OK [http://www.example.com/invitations/new]
REQUESTING PAGE: GET /invitations/new with {} and HTTP headers {"HTTP_REFERER"=>"http://www.example.com/invitations/new"}


Processing InvitationsController#new (for 127.0.0.1 at 2009-10-19 01:27:18) [GET]
  [4;35;1mAdmin Load (0.4ms)[0m   [0mSELECT * FROM "admins" WHERE ("admins"."id" = 1) [0m
Rendering template within layouts/application
Rendering invitations/new
Completed in 8ms (View: 3, DB: 0) | 200 OK [http://www.example.com/invitations/new]
REQUESTING PAGE: POST /invitations with {"commit"=>"Enviar convite", "invitation"=>{"recipient_email"=>"convidado@email.com"}} and HTTP headers {"HTTP_REFERER"=>"/invitations/new"}


Processing InvitationsController#create (for 127.0.0.1 at 2009-10-19 01:27:19) [POST]
  Parameters: {"commit"=>"Enviar convite", "invitation"=>{"recipient_email"=>"convidado@email.com"}}
  [4;36;1mAdmin Load (0.3ms)[0m   [0;1mSELECT * FROM "admins" WHERE ("admins"."id" = 1) [0m
  [4;35;1mUser Load (0.1ms)[0m   [0mSELECT * FROM "users" WHERE ("users"."email" = 'convidado@email.com') LIMIT 1[0m
  [4;36;1mInvitation Create (0.1ms)[0m   [0;1mINSERT INTO "invitations" ("created_at", "recipient_email", "token", "updated_at", "sent_at") VALUES('2009-10-19 03:27:19', 'convidado@email.com', '87097d787ca3113455117770c0fb72ff59e3cf0a', '2009-10-19 03:27:19', NULL)[0m
  [4;35;1mInvitation Update (0.2ms)[0m   [0mUPDATE "invitations" SET "updated_at" = '2009-10-19 03:27:19', "sent_at" = '2009-10-19 03:27:19' WHERE "id" = 1[0m
Sent mail to convidado@email.com

Date: Mon, 19 Oct 2009 01:27:19 -0200
From: nossotf@googlegroups.com
To: convidado@email.com
Subject: Convite para o experimento
Mime-Version: 1.0
Content-Type: text/plain; charset=utf-8

Você foi convidado para participar de um experimento relacionado a sistemas de recomendação.
                                                         
Clique em http://www.example.com/signup/87097d787ca3113455117770c0fb72ff59e3cf0a e finalize seu cadastro.

Obrigado.
Rendering template within layouts/application
Rendering invitations/new
Completed in 27ms (View: 3, DB: 1) | 200 OK [http://www.example.com/invitations]
  [4;36;1mAdmin Load (0.2ms)[0m   [0;1mSELECT * FROM "admins" WHERE ("admins"."email" = 'admin@email.com') LIMIT 1[0m
  [4;35;1mAdmin Create (0.7ms)[0m   [0mINSERT INTO "admins" ("encrypted_password", "created_at", "updated_at", "password_salt", "email") VALUES(NULL, '2009-10-19 03:28:43', '2009-10-19 03:28:43', NULL, 'admin@email.com')[0m
  [4;36;1mAdmin Update (0.2ms)[0m   [0;1mUPDATE "admins" SET "updated_at" = '2009-10-19 03:28:43', "encrypted_password" = '0f7959b36702ccbfb171419d379b6a7c7cd9da8e', "password_salt" = 'tv0HPcD7zZW4cfPlJVe-' WHERE "id" = 1[0m
REQUESTING PAGE: GET /admins/sign_in with {} and HTTP headers {}


Processing SessionsController#new (for 127.0.0.1 at 2009-10-19 01:28:43) [GET]
Rendering template within layouts/application
Rendering sessions/new
Completed in 9ms (View: 7, DB: 1) | 200 OK [http://www.example.com/admins/sign_in]
REQUESTING PAGE: POST /admins/sign_in with {"commit"=>"Entrar", "admin"=>{"password"=>"adminadmin", "email"=>"admin@email.com"}} and HTTP headers {"HTTP_REFERER"=>"/admins/sign_in"}


Processing SessionsController#create (for 127.0.0.1 at 2009-10-19 01:28:43) [POST]
  Parameters: {"commit"=>"Entrar", "admin"=>{"password"=>"adminadmin", "email"=>"admin@email.com"}}
  [4;35;1mAdmin Load (0.4ms)[0m   [0mSELECT * FROM "admins" WHERE ("admins"."email" = 'admin@email.com') LIMIT 1[0m
Redirected to http://www.example.com/
Completed in 2ms (DB: 0) | 302 Found [http://www.example.com/admins/sign_in]
REQUESTING PAGE: GET http://www.example.com/ with {} and HTTP headers {"HTTP_REFERER"=>"/admins/sign_in"}


Processing HomeController#index (for 127.0.0.1 at 2009-10-19 01:28:43) [GET]
Redirected to http://www.example.com/invitations/new
Completed in 2ms (DB: 0) | 302 Found [http://www.example.com/]
REQUESTING PAGE: GET http://www.example.com/invitations/new with {} and HTTP headers {"HTTP_REFERER"=>"http://www.example.com/"}


Processing InvitationsController#new (for 127.0.0.1 at 2009-10-19 01:28:43) [GET]
  [4;36;1mAdmin Load (0.3ms)[0m   [0;1mSELECT * FROM "admins" WHERE ("admins"."id" = 1) [0m
Rendering template within layouts/application
Rendering invitations/new
Completed in 9ms (View: 5, DB: 0) | 200 OK [http://www.example.com/invitations/new]
REQUESTING PAGE: GET /invitations/new with {} and HTTP headers {"HTTP_REFERER"=>"http://www.example.com/invitations/new"}


Processing InvitationsController#new (for 127.0.0.1 at 2009-10-19 01:28:43) [GET]
  [4;35;1mAdmin Load (0.3ms)[0m   [0mSELECT * FROM "admins" WHERE ("admins"."id" = 1) [0m
Rendering template within layouts/application
Rendering invitations/new
Completed in 4ms (View: 3, DB: 0) | 200 OK [http://www.example.com/invitations/new]
REQUESTING PAGE: POST /invitations with {"commit"=>"Enviar convite", "invitation"=>{"recipient_email"=>"convidado@email.com"}} and HTTP headers {"HTTP_REFERER"=>"/invitations/new"}


Processing InvitationsController#create (for 127.0.0.1 at 2009-10-19 01:28:43) [POST]
  Parameters: {"commit"=>"Enviar convite", "invitation"=>{"recipient_email"=>"convidado@email.com"}}
  [4;36;1mAdmin Load (0.3ms)[0m   [0;1mSELECT * FROM "admins" WHERE ("admins"."id" = 1) [0m
  [4;35;1mUser Load (0.2ms)[0m   [0mSELECT * FROM "users" WHERE ("users"."email" = 'convidado@email.com') LIMIT 1[0m
  [4;36;1mInvitation Create (0.1ms)[0m   [0;1mINSERT INTO "invitations" ("created_at", "recipient_email", "token", "updated_at", "sent_at") VALUES('2009-10-19 03:28:43', 'convidado@email.com', 'd461bc7e20c0721ea2112e0e59df34d5b55784c4', '2009-10-19 03:28:43', NULL)[0m
  [4;35;1mInvitation Update (0.2ms)[0m   [0mUPDATE "invitations" SET "updated_at" = '2009-10-19 03:28:43', "sent_at" = '2009-10-19 03:28:43' WHERE "id" = 1[0m
Sent mail to convidado@email.com

Date: Mon, 19 Oct 2009 01:28:43 -0200
From: nossotf@googlegroups.com
To: convidado@email.com
Subject: Convite para o experimento
Mime-Version: 1.0
Content-Type: text/plain; charset=utf-8

Você foi convidado para participar de um experimento relacionado a sistemas de recomendação.
                                                         
Clique em http://www.example.com/signup/d461bc7e20c0721ea2112e0e59df34d5b55784c4 e finalize seu cadastro.

Obrigado.
Rendering template within layouts/application
Rendering invitations/new
Completed in 29ms (View: 3, DB: 1) | 200 OK [http://www.example.com/invitations]
  [4;36;1mAdmin Load (0.2ms)[0m   [0;1mSELECT * FROM "admins" WHERE ("admins"."email" = 'admin@email.com') LIMIT 1[0m
  [4;35;1mAdmin Create (0.5ms)[0m   [0mINSERT INTO "admins" ("encrypted_password", "created_at", "updated_at", "password_salt", "email") VALUES(NULL, '2009-10-19 03:35:28', '2009-10-19 03:35:28', NULL, 'admin@email.com')[0m
  [4;36;1mAdmin Update (0.2ms)[0m   [0;1mUPDATE "admins" SET "updated_at" = '2009-10-19 03:35:28', "encrypted_password" = '72e45a8e688e6a646dab120dbec2aa92d18d82ad', "password_salt" = 'EaeIZm_FQoMOspPeDqwJ' WHERE "id" = 1[0m
REQUESTING PAGE: GET /admins/sign_in with {} and HTTP headers {}


Processing SessionsController#new (for 127.0.0.1 at 2009-10-19 01:35:28) [GET]
Rendering template within layouts/application
Rendering sessions/new
Completed in 9ms (View: 6, DB: 1) | 200 OK [http://www.example.com/admins/sign_in]
REQUESTING PAGE: POST /admins/sign_in with {"commit"=>"Entrar", "admin"=>{"password"=>"adminadmin", "email"=>"admin@email.com"}} and HTTP headers {"HTTP_REFERER"=>"/admins/sign_in"}


Processing SessionsController#create (for 127.0.0.1 at 2009-10-19 01:35:28) [POST]
  Parameters: {"commit"=>"Entrar", "admin"=>{"password"=>"adminadmin", "email"=>"admin@email.com"}}
  [4;35;1mAdmin Load (0.3ms)[0m   [0mSELECT * FROM "admins" WHERE ("admins"."email" = 'admin@email.com') LIMIT 1[0m
Redirected to http://www.example.com/
Completed in 2ms (DB: 0) | 302 Found [http://www.example.com/admins/sign_in]
REQUESTING PAGE: GET http://www.example.com/ with {} and HTTP headers {"HTTP_REFERER"=>"/admins/sign_in"}


Processing HomeController#index (for 127.0.0.1 at 2009-10-19 01:35:28) [GET]
Redirected to http://www.example.com/invitations/new
Completed in 2ms (DB: 0) | 302 Found [http://www.example.com/]
REQUESTING PAGE: GET http://www.example.com/invitations/new with {} and HTTP headers {"HTTP_REFERER"=>"http://www.example.com/"}


Processing InvitationsController#new (for 127.0.0.1 at 2009-10-19 01:35:28) [GET]
  [4;36;1mAdmin Load (0.3ms)[0m   [0;1mSELECT * FROM "admins" WHERE ("admins"."id" = 1) [0m
Rendering template within layouts/application
Rendering invitations/new
Completed in 9ms (View: 5, DB: 0) | 200 OK [http://www.example.com/invitations/new]
REQUESTING PAGE: GET /invitations/new with {} and HTTP headers {"HTTP_REFERER"=>"http://www.example.com/invitations/new"}


Processing InvitationsController#new (for 127.0.0.1 at 2009-10-19 01:35:28) [GET]
  [4;35;1mAdmin Load (0.3ms)[0m   [0mSELECT * FROM "admins" WHERE ("admins"."id" = 1) [0m
Rendering template within layouts/application
Rendering invitations/new
Completed in 4ms (View: 3, DB: 0) | 200 OK [http://www.example.com/invitations/new]
REQUESTING PAGE: POST /invitations with {"commit"=>"Enviar convite", "invitation"=>{"recipient_email"=>"convidado@email.com"}} and HTTP headers {"HTTP_REFERER"=>"/invitations/new"}


Processing InvitationsController#create (for 127.0.0.1 at 2009-10-19 01:35:28) [POST]
  Parameters: {"commit"=>"Enviar convite", "invitation"=>{"recipient_email"=>"convidado@email.com"}}
  [4;36;1mAdmin Load (0.3ms)[0m   [0;1mSELECT * FROM "admins" WHERE ("admins"."id" = 1) [0m
  [4;35;1mUser Load (0.1ms)[0m   [0mSELECT * FROM "users" WHERE ("users"."email" = 'convidado@email.com') LIMIT 1[0m
  [4;36;1mInvitation Create (0.1ms)[0m   [0;1mINSERT INTO "invitations" ("created_at", "recipient_email", "token", "updated_at", "sent_at") VALUES('2009-10-19 03:35:28', 'convidado@email.com', '9d41718a3f2ad22d4213053d5a9e77ff1eeb3433', '2009-10-19 03:35:28', NULL)[0m
  [4;35;1mInvitation Update (0.2ms)[0m   [0mUPDATE "invitations" SET "updated_at" = '2009-10-19 03:35:28', "sent_at" = '2009-10-19 03:35:28' WHERE "id" = 1[0m
ERROR: compiling _run_erb_app47views47mailer47invitation46erb RAISED compile error
/Users/leonardobessa/Documents/pcs/tcc/olimpo/trunk/prototipo/experimento/app/views/mailer/invitation.erb:3: syntax error, unexpected ')', expecting tCOLON2 or '[' or '.'
...concat(( @signup_url, 'aqui' ).to_s); @output_buffer.concat ...
                              ^
Function body:           def _run_erb_app47views47mailer47invitation46erb(local_assigns)
            old_output_buffer = output_buffer;;@output_buffer = '';  __in_erb_template=true ; @output_buffer.concat "Voc\303\252 foi convidado para participar de um experimento relacionado a sistemas de recomenda\303\247\303\243o.\n                                                         \nClique "

; @output_buffer.concat(( @signup_url, 'aqui' ).to_s); @output_buffer.concat " e finalize seu cadastro.\n\nObrigado."

; @output_buffer
          ensure
            self.output_buffer = old_output_buffer
          end
Backtrace: /Users/leonardobessa/Documents/pcs/tcc/olimpo/trunk/prototipo/experimento/app/views/mailer/invitation.erb:8:in `compile!'
/opt/local/lib/ruby/gems/1.8/gems/actionpack-2.3.4/lib/action_view/renderable.rb:61:in `compile'
/opt/local/lib/ruby/gems/1.8/gems/actionpack-2.3.4/lib/action_view/renderable.rb:28:in `render_without_template_tracking'
/opt/local/lib/ruby/gems/1.8/gems/actionpack-2.3.4/lib/action_view/test_case.rb:20:in `render'
/opt/local/lib/ruby/gems/1.8/gems/actionpack-2.3.4/lib/action_view/template.rb:199:in `render_template'
/opt/local/lib/ruby/gems/1.8/gems/actionpack-2.3.4/lib/action_view/base.rb:260:in `render_without_haml'
/opt/local/lib/ruby/gems/1.8/gems/haml-2.2.6/lib/haml/helpers/action_view_mods.rb:13:in `render_without_mock_proxy'
/opt/local/lib/ruby/gems/1.8/gems/rspec-rails-1.2.7.1/lib/spec/rails/extensions/action_view/base.rb:27:in `render'
/opt/local/lib/ruby/gems/1.8/gems/actionmailer-2.3.4/lib/action_mailer/base.rb:567:in `render'
/opt/local/lib/ruby/gems/1.8/gems/actionmailer-2.3.4/lib/action_mailer/base.rb:553:in `render_message'
/opt/local/lib/ruby/gems/1.8/gems/actionmailer-2.3.4/lib/action_mailer/base.rb:493:in `create!'
/opt/local/lib/ruby/gems/1.8/gems/actionmailer-2.3.4/lib/action_mailer/base.rb:452:in `initialize'
/opt/local/lib/ruby/gems/1.8/gems/actionmailer-2.3.4/lib/action_mailer/base.rb:395:in `new'
/opt/local/lib/ruby/gems/1.8/gems/actionmailer-2.3.4/lib/action_mailer/base.rb:395:in `method_missing'
/Users/leonardobessa/Documents/pcs/tcc/olimpo/trunk/prototipo/experimento/app/controllers/invitations_controller.rb:11:in `create'
/opt/local/lib/ruby/gems/1.8/gems/actionpack-2.3.4/lib/action_controller/base.rb:1331:in `send'
/opt/local/lib/ruby/gems/1.8/gems/actionpack-2.3.4/lib/action_controller/base.rb:1331:in `perform_action_without_filters'
/opt/local/lib/ruby/gems/1.8/gems/actionpack-2.3.4/lib/action_controller/filters.rb:617:in `call_filters'
/opt/local/lib/ruby/gems/1.8/gems/actionpack-2.3.4/lib/action_controller/filters.rb:610:in `perform_action_without_benchmark'
/opt/local/lib/ruby/gems/1.8/gems/actionpack-2.3.4/lib/action_controller/benchmarking.rb:68:in `perform_action_without_rescue'
/opt/local/lib/ruby/gems/1.8/gems/activesupport-2.3.4/lib/active_support/core_ext/benchmark.rb:17:in `ms'
/opt/local/lib/ruby/1.8/benchmark.rb:308:in `realtime'
/opt/local/lib/ruby/gems/1.8/gems/activesupport-2.3.4/lib/active_support/core_ext/benchmark.rb:17:in `ms'
/opt/local/lib/ruby/gems/1.8/gems/actionpack-2.3.4/lib/action_controller/benchmarking.rb:68:in `perform_action_without_rescue'
/opt/local/lib/ruby/gems/1.8/gems/actionpack-2.3.4/lib/action_controller/rescue.rb:160:in `perform_action_without_flash'
/opt/local/lib/ruby/gems/1.8/gems/actionpack-2.3.4/lib/action_controller/flash.rb:146:in `perform_action'
/opt/local/lib/ruby/gems/1.8/gems/actionpack-2.3.4/lib/action_controller/base.rb:532:in `send'
/opt/local/lib/ruby/gems/1.8/gems/actionpack-2.3.4/lib/action_controller/base.rb:532:in `process_without_filters'
/opt/local/lib/ruby/gems/1.8/gems/actionpack-2.3.4/lib/action_controller/filters.rb:606:in `sass_old_process'
/opt/local/lib/ruby/gems/1.8/gems/haml-2.2.6/rails/../lib/sass/plugin/rails.rb:19:in `process'
/opt/local/lib/ruby/gems/1.8/gems/actionpack-2.3.4/lib/action_controller/base.rb:391:in `process'
/opt/local/lib/ruby/gems/1.8/gems/actionpack-2.3.4/lib/action_controller/base.rb:386:in `call'
/opt/local/lib/ruby/gems/1.8/gems/actionpack-2.3.4/lib/action_controller/routing/route_set.rb:437:in `call'
/opt/local/lib/ruby/gems/1.8/gems/actionpack-2.3.4/lib/action_controller/dispatcher.rb:87:in `dispatch'
/opt/local/lib/ruby/gems/1.8/gems/actionpack-2.3.4/lib/action_controller/dispatcher.rb:121:in `_call'
/opt/local/lib/ruby/gems/1.8/gems/actionpack-2.3.4/lib/action_controller/dispatcher.rb:130:in `build_middleware_stack'
/opt/local/lib/ruby/gems/1.8/gems/activerecord-2.3.4/lib/active_record/query_cache.rb:29:in `call'
/opt/local/lib/ruby/gems/1.8/gems/activerecord-2.3.4/lib/active_record/query_cache.rb:29:in `call'
/opt/local/lib/ruby/gems/1.8/gems/activerecord-2.3.4/lib/active_record/connection_adapters/abstract/query_cache.rb:34:in `cache'
/opt/local/lib/ruby/gems/1.8/gems/activerecord-2.3.4/lib/active_record/query_cache.rb:9:in `cache'
/opt/local/lib/ruby/gems/1.8/gems/activerecord-2.3.4/lib/active_record/query_cache.rb:28:in `call'
/opt/local/lib/ruby/gems/1.8/gems/activerecord-2.3.4/lib/active_record/connection_adapters/abstract/connection_pool.rb:361:in `call'
/opt/local/lib/ruby/gems/1.8/gems/warden-0.4.0/lib/warden/manager.rb:42:in `call'
/opt/local/lib/ruby/gems/1.8/gems/warden-0.4.0/lib/warden/manager.rb:41:in `catch'
/opt/local/lib/ruby/gems/1.8/gems/warden-0.4.0/lib/warden/manager.rb:41:in `call'
/opt/local/lib/ruby/gems/1.8/gems/rack-1.0.0/lib/rack/head.rb:9:in `call'
/opt/local/lib/ruby/gems/1.8/gems/rack-1.0.0/lib/rack/methodoverride.rb:24:in `call'
/opt/local/lib/ruby/gems/1.8/gems/actionpack-2.3.4/lib/action_controller/params_parser.rb:15:in `call'
/opt/local/lib/ruby/gems/1.8/gems/actionpack-2.3.4/lib/action_controller/session/cookie_store.rb:93:in `call'
/opt/local/lib/ruby/gems/1.8/gems/actionpack-2.3.4/lib/action_controller/failsafe.rb:26:in `call'
/opt/local/lib/ruby/gems/1.8/gems/rack-1.0.0/lib/rack/lock.rb:11:in `call'
/opt/local/lib/ruby/gems/1.8/gems/rack-1.0.0/lib/rack/lock.rb:11:in `synchronize'
/opt/local/lib/ruby/gems/1.8/gems/rack-1.0.0/lib/rack/lock.rb:11:in `call'
/opt/local/lib/ruby/gems/1.8/gems/actionpack-2.3.4/lib/action_controller/dispatcher.rb:106:in `call'
/opt/local/lib/ruby/gems/1.8/gems/rack-1.0.0/lib/rack/lint.rb:47:in `_call'
/opt/local/lib/ruby/gems/1.8/gems/rack-1.0.0/lib/rack/lint.rb:35:in `call'
/opt/local/lib/ruby/gems/1.8/gems/actionpack-2.3.4/lib/action_controller/integration.rb:313:in `process'
/opt/local/lib/ruby/gems/1.8/gems/actionpack-2.3.4/lib/action_controller/integration.rb:202:in `post'
/opt/local/lib/ruby/gems/1.8/gems/actionpack-2.3.4/lib/action_controller/integration.rb:491:in `__send__'
/opt/local/lib/ruby/gems/1.8/gems/actionpack-2.3.4/lib/action_controller/integration.rb:491:in `post'
/opt/local/lib/ruby/gems/1.8/gems/webrat-0.5.3/lib/webrat/rails.rb:68:in `send'
/opt/local/lib/ruby/gems/1.8/gems/webrat-0.5.3/lib/webrat/rails.rb:68:in `do_request'
/opt/local/lib/ruby/gems/1.8/gems/webrat-0.5.3/lib/webrat/rails.rb:41:in `post'
(__FORWARDABLE__):3:in `__send__'
(__FORWARDABLE__):3:in `post'
/opt/local/lib/ruby/gems/1.8/gems/webrat-0.5.3/lib/webrat/core/session.rb:282:in `send'
/opt/local/lib/ruby/gems/1.8/gems/webrat-0.5.3/lib/webrat/core/session.rb:282:in `process_request'
/opt/local/lib/ruby/gems/1.8/gems/webrat-0.5.3/lib/webrat/core/session.rb:122:in `request_page'
/opt/local/lib/ruby/gems/1.8/gems/webrat-0.5.3/lib/webrat/core/elements/form.rb:20:in `submit'
/opt/local/lib/ruby/gems/1.8/gems/webrat-0.5.3/lib/webrat/core/elements/field.rb:203:in `click'
/opt/local/lib/ruby/gems/1.8/gems/webrat-0.5.3/lib/webrat/core/scope.rb:275:in `click_button'
(__FORWARDABLE__):3:in `__send__'
(__FORWARDABLE__):3:in `click_button'
(eval):2:in `click_button'
./features/step_definitions/webrat_pt_BR.rb:15
/opt/local/lib/ruby/gems/1.8/gems/cucumber-0.3.104/bin/../lib/cucumber/core_ext/instance_exec.rb:25:in `instance_exec'
/opt/local/lib/ruby/gems/1.8/gems/cucumber-0.3.104/bin/../lib/cucumber/core_ext/instance_exec.rb:25:in `cucumber_instance_exec'
/opt/local/lib/ruby/gems/1.8/gems/cucumber-0.3.104/bin/../lib/cucumber/core_ext/instance_exec.rb:46:in `cucumber_run_with_backtrace_filtering'
/opt/local/lib/ruby/gems/1.8/gems/cucumber-0.3.104/bin/../lib/cucumber/core_ext/instance_exec.rb:13:in `cucumber_instance_exec'
/opt/local/lib/ruby/gems/1.8/gems/cucumber-0.3.104/bin/../lib/cucumber/rb_support/rb_step_definition.rb:54:in `invoke'
/opt/local/lib/ruby/gems/1.8/gems/cucumber-0.3.104/bin/../lib/cucumber/step_match.rb:20:in `invoke'
/opt/local/lib/ruby/gems/1.8/gems/cucumber-0.3.104/bin/../lib/cucumber/ast/step_invocation.rb:49:in `invoke'
/opt/local/lib/ruby/gems/1.8/gems/cucumber-0.3.104/bin/../lib/cucumber/ast/step_invocation.rb:36:in `accept'
/opt/local/lib/ruby/gems/1.8/gems/cucumber-0.3.104/bin/../lib/cucumber/ast/tree_walker.rb:99:in `visit_step'
/opt/local/lib/ruby/gems/1.8/gems/cucumber-0.3.104/bin/../lib/cucumber/ast/tree_walker.rb:158:in `broadcast'
/opt/local/lib/ruby/gems/1.8/gems/cucumber-0.3.104/bin/../lib/cucumber/ast/tree_walker.rb:98:in `visit_step'
/opt/local/lib/ruby/gems/1.8/gems/cucumber-0.3.104/bin/../lib/cucumber/ast/step_collection.rb:15:in `accept'
/opt/local/lib/ruby/gems/1.8/gems/cucumber-0.3.104/bin/../lib/cucumber/ast/step_collection.rb:14:in `each'
/opt/local/lib/ruby/gems/1.8/gems/cucumber-0.3.104/bin/../lib/cucumber/ast/step_collection.rb:14:in `accept'
/opt/local/lib/ruby/gems/1.8/gems/cucumber-0.3.104/bin/../lib/cucumber/ast/tree_walker.rb:93:in `visit_steps'
/opt/local/lib/ruby/gems/1.8/gems/cucumber-0.3.104/bin/../lib/cucumber/ast/tree_walker.rb:158:in `broadcast'
/opt/local/lib/ruby/gems/1.8/gems/cucumber-0.3.104/bin/../lib/cucumber/ast/tree_walker.rb:92:in `visit_steps'
/opt/local/lib/ruby/gems/1.8/gems/cucumber-0.3.104/bin/../lib/cucumber/ast/scenario.rb:45:in `accept'
/opt/local/lib/ruby/gems/1.8/gems/cucumber-0.3.104/bin/../lib/cucumber/step_mother.rb:184:in `before_and_after'
/opt/local/lib/ruby/gems/1.8/gems/cucumber-0.3.104/bin/../lib/cucumber/ast/scenario.rb:43:in `accept'
/opt/local/lib/ruby/gems/1.8/gems/cucumber-0.3.104/bin/../lib/cucumber/ast/scenario.rb:99:in `with_visitor'
/opt/local/lib/ruby/gems/1.8/gems/cucumber-0.3.104/bin/../lib/cucumber/ast/scenario.rb:37:in `accept'
/opt/local/lib/ruby/gems/1.8/gems/cucumber-0.3.104/bin/../lib/cucumber/ast/tree_walker.rb:51:in `visit_feature_element'
/opt/local/lib/ruby/gems/1.8/gems/cucumber-0.3.104/bin/../lib/cucumber/ast/tree_walker.rb:158:in `broadcast'
/opt/local/lib/ruby/gems/1.8/gems/cucumber-0.3.104/bin/../lib/cucumber/ast/tree_walker.rb:50:in `visit_feature_element'
/opt/local/lib/ruby/gems/1.8/gems/cucumber-0.3.104/bin/../lib/cucumber/ast/feature.rb:25:in `accept'
/opt/local/lib/ruby/gems/1.8/gems/cucumber-0.3.104/bin/../lib/cucumber/ast/feature.rb:24:in `each'
/opt/local/lib/ruby/gems/1.8/gems/cucumber-0.3.104/bin/../lib/cucumber/ast/feature.rb:24:in `accept'
/opt/local/lib/ruby/gems/1.8/gems/cucumber-0.3.104/bin/../lib/cucumber/ast/tree_walker.rb:20:in `visit_feature'
/opt/local/lib/ruby/gems/1.8/gems/cucumber-0.3.104/bin/../lib/cucumber/ast/tree_walker.rb:158:in `broadcast'
/opt/local/lib/ruby/gems/1.8/gems/cucumber-0.3.104/bin/../lib/cucumber/ast/tree_walker.rb:19:in `visit_feature'
/opt/local/lib/ruby/gems/1.8/gems/cucumber-0.3.104/bin/../lib/cucumber/ast/features.rb:29:in `accept'
/opt/local/lib/ruby/gems/1.8/gems/cucumber-0.3.104/bin/../lib/cucumber/ast/features.rb:17:in `each'
/opt/local/lib/ruby/gems/1.8/gems/cucumber-0.3.104/bin/../lib/cucumber/ast/features.rb:17:in `each'
/opt/local/lib/ruby/gems/1.8/gems/cucumber-0.3.104/bin/../lib/cucumber/ast/features.rb:28:in `accept'
/opt/local/lib/ruby/gems/1.8/gems/cucumber-0.3.104/bin/../lib/cucumber/ast/tree_walker.rb:14:in `visit_features'
/opt/local/lib/ruby/gems/1.8/gems/cucumber-0.3.104/bin/../lib/cucumber/ast/tree_walker.rb:158:in `broadcast'
/opt/local/lib/ruby/gems/1.8/gems/cucumber-0.3.104/bin/../lib/cucumber/ast/tree_walker.rb:13:in `visit_features'
/opt/local/lib/ruby/gems/1.8/gems/cucumber-0.3.104/bin/../lib/cucumber/cli/main.rb:55:in `execute!'
/opt/local/lib/ruby/gems/1.8/gems/cucumber-0.3.104/bin/../lib/cucumber/cli/main.rb:24:in `execute'
/opt/local/lib/ruby/gems/1.8/gems/cucumber-0.3.104/bin/cucumber:9


Processing ApplicationController#create (for 127.0.0.1 at 2009-10-19 01:35:28) [POST]
  Parameters: {"commit"=>"Enviar convite", "invitation"=>{"recipient_email"=>"convidado@email.com"}}
  [4;36;1mAdmin Load (0.2ms)[0m   [0;1mSELECT * FROM "admins" WHERE ("admins"."email" = 'admin@email.com') LIMIT 1[0m
  [4;35;1mAdmin Create (0.9ms)[0m   [0mINSERT INTO "admins" ("encrypted_password", "created_at", "updated_at", "password_salt", "email") VALUES(NULL, '2009-10-19 03:36:18', '2009-10-19 03:36:18', NULL, 'admin@email.com')[0m
  [4;36;1mAdmin Update (0.2ms)[0m   [0;1mUPDATE "admins" SET "updated_at" = '2009-10-19 03:36:18', "encrypted_password" = 'e851679ebfb5639cb09c81210ff6770fa5ef84d6', "password_salt" = '_1k1mX_4jCFFIMTdAES6' WHERE "id" = 1[0m
REQUESTING PAGE: GET /admins/sign_in with {} and HTTP headers {}


Processing SessionsController#new (for 127.0.0.1 at 2009-10-19 01:36:18) [GET]
Rendering template within layouts/application
Rendering sessions/new
Completed in 9ms (View: 7, DB: 1) | 200 OK [http://www.example.com/admins/sign_in]
REQUESTING PAGE: POST /admins/sign_in with {"commit"=>"Entrar", "admin"=>{"password"=>"adminadmin", "email"=>"admin@email.com"}} and HTTP headers {"HTTP_REFERER"=>"/admins/sign_in"}


Processing SessionsController#create (for 127.0.0.1 at 2009-10-19 01:36:18) [POST]
  Parameters: {"commit"=>"Entrar", "admin"=>{"password"=>"adminadmin", "email"=>"admin@email.com"}}
  [4;35;1mAdmin Load (0.3ms)[0m   [0mSELECT * FROM "admins" WHERE ("admins"."email" = 'admin@email.com') LIMIT 1[0m
Redirected to http://www.example.com/
Completed in 2ms (DB: 0) | 302 Found [http://www.example.com/admins/sign_in]
REQUESTING PAGE: GET http://www.example.com/ with {} and HTTP headers {"HTTP_REFERER"=>"/admins/sign_in"}


Processing HomeController#index (for 127.0.0.1 at 2009-10-19 01:36:18) [GET]
Redirected to http://www.example.com/invitations/new
Completed in 2ms (DB: 0) | 302 Found [http://www.example.com/]
REQUESTING PAGE: GET http://www.example.com/invitations/new with {} and HTTP headers {"HTTP_REFERER"=>"http://www.example.com/"}


Processing InvitationsController#new (for 127.0.0.1 at 2009-10-19 01:36:18) [GET]
  [4;36;1mAdmin Load (0.3ms)[0m   [0;1mSELECT * FROM "admins" WHERE ("admins"."id" = 1) [0m
Rendering template within layouts/application
Rendering invitations/new
Completed in 9ms (View: 5, DB: 0) | 200 OK [http://www.example.com/invitations/new]
REQUESTING PAGE: GET /invitations/new with {} and HTTP headers {"HTTP_REFERER"=>"http://www.example.com/invitations/new"}


Processing InvitationsController#new (for 127.0.0.1 at 2009-10-19 01:36:18) [GET]
  [4;35;1mAdmin Load (0.3ms)[0m   [0mSELECT * FROM "admins" WHERE ("admins"."id" = 1) [0m
Rendering template within layouts/application
Rendering invitations/new
Completed in 4ms (View: 2, DB: 0) | 200 OK [http://www.example.com/invitations/new]
REQUESTING PAGE: POST /invitations with {"commit"=>"Enviar convite", "invitation"=>{"recipient_email"=>"convidado@email.com"}} and HTTP headers {"HTTP_REFERER"=>"/invitations/new"}


Processing InvitationsController#create (for 127.0.0.1 at 2009-10-19 01:36:18) [POST]
  Parameters: {"commit"=>"Enviar convite", "invitation"=>{"recipient_email"=>"convidado@email.com"}}
  [4;36;1mAdmin Load (0.3ms)[0m   [0;1mSELECT * FROM "admins" WHERE ("admins"."id" = 1) [0m
  [4;35;1mUser Load (0.2ms)[0m   [0mSELECT * FROM "users" WHERE ("users"."email" = 'convidado@email.com') LIMIT 1[0m
  [4;36;1mInvitation Create (0.2ms)[0m   [0;1mINSERT INTO "invitations" ("created_at", "recipient_email", "token", "updated_at", "sent_at") VALUES('2009-10-19 03:36:18', 'convidado@email.com', 'b9d31bde2e4a9ea6bc332e76101584c383c23a54', '2009-10-19 03:36:18', NULL)[0m
  [4;35;1mInvitation Update (0.2ms)[0m   [0mUPDATE "invitations" SET "updated_at" = '2009-10-19 03:36:18', "sent_at" = '2009-10-19 03:36:18' WHERE "id" = 1[0m
Sent mail to convidado@email.com

Date: Mon, 19 Oct 2009 01:36:18 -0200
From: nossotf@googlegroups.com
To: convidado@email.com
Subject: Convite para o experimento
Mime-Version: 1.0
Content-Type: text/plain; charset=utf-8

Você foi convidado para participar de um experimento relacionado a sistemas de recomendação.
                                                         
Clique <a href="http://www.example.com/signup/b9d31bde2e4a9ea6bc332e76101584c383c23a54">aqui</a> e finalize seu cadastro.

Obrigado.
Rendering template within layouts/application
Rendering invitations/new
Completed in 29ms (View: 3, DB: 1) | 200 OK [http://www.example.com/invitations]
  [4;36;1mAdmin Load (0.2ms)[0m   [0;1mSELECT * FROM "admins" WHERE ("admins"."email" = 'admin@email.com') LIMIT 1[0m
  [4;35;1mAdmin Create (0.5ms)[0m   [0mINSERT INTO "admins" ("encrypted_password", "created_at", "updated_at", "password_salt", "email") VALUES(NULL, '2009-10-19 04:45:35', '2009-10-19 04:45:35', NULL, 'admin@email.com')[0m
  [4;36;1mAdmin Update (0.2ms)[0m   [0;1mUPDATE "admins" SET "updated_at" = '2009-10-19 04:45:35', "encrypted_password" = '161fb9b0c07025b6c424717727d5948a15d1164a', "password_salt" = '8iAUJn9MqpdFmbSD3phc' WHERE "id" = 1[0m
REQUESTING PAGE: GET /admins/sign_in with {} and HTTP headers {}


Processing SessionsController#new (for 127.0.0.1 at 2009-10-19 02:45:35) [GET]
Rendering template within layouts/application
Rendering sessions/new
Completed in 24ms (View: 22, DB: 1) | 200 OK [http://www.example.com/admins/sign_in]
REQUESTING PAGE: POST /admins/sign_in with {"commit"=>"Entrar", "admin"=>{"password"=>"adminadmin", "email"=>"admin@email.com"}} and HTTP headers {"HTTP_REFERER"=>"/admins/sign_in"}


Processing SessionsController#create (for 127.0.0.1 at 2009-10-19 02:45:35) [POST]
  Parameters: {"commit"=>"Entrar", "admin"=>{"password"=>"adminadmin", "email"=>"admin@email.com"}}
  [4;35;1mAdmin Load (0.3ms)[0m   [0mSELECT * FROM "admins" WHERE ("admins"."email" = 'admin@email.com') LIMIT 1[0m
Redirected to http://www.example.com/
Completed in 3ms (DB: 0) | 302 Found [http://www.example.com/admins/sign_in]
REQUESTING PAGE: GET http://www.example.com/ with {} and HTTP headers {"HTTP_REFERER"=>"/admins/sign_in"}


Processing HomeController#index (for 127.0.0.1 at 2009-10-19 02:45:35) [GET]
Rendering template within layouts/application
Rendering home/index
  [4;36;1mAdmin Load (0.3ms)[0m   [0;1mSELECT * FROM "admins" WHERE ("admins"."id" = 1) [0m
Completed in 4ms (View: 2, DB: 0) | 200 OK [http://www.example.com/]
REQUESTING PAGE: GET /invitations/new with {} and HTTP headers {"HTTP_REFERER"=>"http://www.example.com/"}


Processing InvitationsController#new (for 127.0.0.1 at 2009-10-19 02:45:35) [GET]
  [4;35;1mAdmin Load (0.3ms)[0m   [0mSELECT * FROM "admins" WHERE ("admins"."id" = 1) [0m
Rendering template within layouts/application
Rendering invitations/new
Completed in 9ms (View: 5, DB: 0) | 200 OK [http://www.example.com/invitations/new]
REQUESTING PAGE: POST /invitations with {"commit"=>"Enviar convite", "invitation"=>{"recipient_email"=>"convidado@email.com"}} and HTTP headers {"HTTP_REFERER"=>"/invitations/new"}


Processing InvitationsController#create (for 127.0.0.1 at 2009-10-19 02:45:35) [POST]
  Parameters: {"commit"=>"Enviar convite", "invitation"=>{"recipient_email"=>"convidado@email.com"}}
  [4;36;1mAdmin Load (0.3ms)[0m   [0;1mSELECT * FROM "admins" WHERE ("admins"."id" = 1) [0m
  [4;35;1mUser Load (0.1ms)[0m   [0mSELECT * FROM "users" WHERE ("users"."email" = 'convidado@email.com') LIMIT 1[0m
  [4;36;1mInvitation Create (0.1ms)[0m   [0;1mINSERT INTO "invitations" ("created_at", "recipient_email", "token", "updated_at", "sent_at") VALUES('2009-10-19 04:45:35', 'convidado@email.com', '18495f96bf1dc5bd7ee3fabaa6d1337083aba01a', '2009-10-19 04:45:35', NULL)[0m
  [4;35;1mInvitation Update (0.2ms)[0m   [0mUPDATE "invitations" SET "updated_at" = '2009-10-19 04:45:36', "sent_at" = '2009-10-19 04:45:35' WHERE "id" = 1[0m
Sent mail to convidado@email.com

Date: Mon, 19 Oct 2009 02:45:35 -0200
From: nossotf@googlegroups.com
To: convidado@email.com
Subject: Convite para o experimento
Mime-Version: 1.0
Content-Type: text/plain; charset=utf-8

Você foi convidado para participar de um experimento relacionado a sistemas de recomendação.
                                                         
Clique <a href="http://www.example.com/signup/18495f96bf1dc5bd7ee3fabaa6d1337083aba01a">aqui</a> e finalize seu cadastro.

Obrigado.
Rendering template within layouts/application
Rendering invitations/new
Completed in 228ms (View: 3, DB: 1) | 200 OK [http://www.example.com/invitations]
